Trial 76 finished with value: 0.6383485160152806 and parameters: {'n_estimators': 144, 'learning_rate': 0.1463748452923292, 'max_depth': 3, 'subsample': 0.7427021028829142, 'colsample_bytree': 0.9613356691055325, 'min_child_weight': 1}. Best is trial 74 with value: 0.652894504848663.
Trial 77 finished with value: 0.5921539817807817 and parameters: {'n_estimators': 146, 'learning_rate': 0.15175616542305095, 'max_depth': 3, 'subsample': 0.6076243116221794, 'colsample_bytree': 0.9778301268394082, 'min_child_weight': 3}. Best is trial 74 with value: 0.652894504848663.
Trial 78 finished with value: 0.6090508374963268 and parameters: {'n_estimators': 123, 'learning_rate': 0.14512243850793843, 'max_depth': 3, 'subsample': 0.7123722447585878, 'colsample_bytree': 0.9665726875432818, 'min_child_weight': 2}. Best is trial 74 with value: 0.652894504848663.
Trial 79 finished with value: 0.6018513076697032 and parameters: {'n_estimators': 175, 'learning_rate': 0.12467896837874619, 'max_depth': 3, 'subsample': 0.6440602624935278, 'colsample_bytree': 0.9318208843154661, 'min_child_weight': 7}. Best is trial 74 with value: 0.652894504848663.
Trial 80 finished with value: 0.606699970614164 and parameters: {'n_estimators': 114, 'learning_rate': 0.16083018874361607, 'max_depth': 4, 'subsample': 0.6790548737684539, 'colsample_bytree': 0.8910991637108268, 'min_child_weight': 1}. Best is trial 74 with value: 0.652894504848663.
Trial 81 finished with value: 0.6383485160152806 and parameters: {'n_estimators': 134, 'learning_rate': 0.13382611993889343, 'max_depth': 3, 'subsample': 0.7300484461244259, 'colsample_bytree': 0.9668721717445228, 'min_child_weight': 1}. Best is trial 74 with value: 0.652894504848663.
Trial 82 finished with value: 0.6286218042903321 and parameters: {'n_estimators': 131, 'learning_rate': 0.13979423960825532, 'max_depth': 3, 'subsample': 0.7356347955302204, 'colsample_bytree': 0.9610168092877472, 'min_child_weight': 1}. Best is trial 74 with value: 0.652894504848663.
Trial 83 finished with value: 0.6189832500734647 and parameters: {'n_estimators': 144, 'learning_rate': 0.13082736777855095, 'max_depth': 3, 'subsample': 0.7953951241471022, 'colsample_bytree': 0.9276331242565258, 'min_child_weight': 2}. Best is trial 74 with value: 0.652894504848663.
Trial 84 finished with value: 0.6455186600058772 and parameters: {'n_estimators': 126, 'learning_rate': 0.13214651028168795, 'max_depth': 3, 'subsample': 0.6942938068537101, 'colsample_bytree': 0.9912843663564401, 'min_child_weight': 1}. Best is trial 74 with value: 0.652894504848663.
Trial 85 finished with value: 0.6285630326182781 and parameters: {'n_estimators': 157, 'learning_rate': 0.12402109883886693, 'max_depth': 3, 'subsample': 0.6900550439207107, 'colsample_bytree': 0.9937483439743258, 'min_child_weight': 1}. Best is trial 74 with value: 0.652894504848663.
Trial 86 finished with value: 0.6019100793417573 and parameters: {'n_estimators': 125, 'learning_rate': 0.14462734094513144, 'max_depth': 4, 'subsample': 0.649926537301296, 'colsample_bytree': 0.9635867245391176, 'min_child_weight': 2}. Best is trial 74 with value: 0.652894504848663.
Trial 87 finished with value: 0.6359094916250367 and parameters: {'n_estimators': 135, 'learning_rate': 0.13509902534211463, 'max_depth': 3, 'subsample': 0.7036205903408506, 'colsample_bytree': 0.948364979170991, 'min_child_weight': 1}. Best is trial 74 with value: 0.652894504848663.
Trial 88 finished with value: 0.6528357331766088 and parameters: {'n_estimators': 152, 'learning_rate': 0.15302628829348244, 'max_depth': 2, 'subsample': 0.7474596334944889, 'colsample_bytree': 0.9769636079420465, 'min_child_weight': 1}. Best is trial 74 with value: 0.652894504848663.
Trial 89 finished with value: 0.6236555980017632 and parameters: {'n_estimators': 162, 'learning_rate': 0.1557149511523398, 'max_depth': 2, 'subsample': 0.7379218100236246, 'colsample_bytree': 0.9960263565776951, 'min_child_weight': 2}. Best is trial 74 with value: 0.652894504848663.
Trial 90 finished with value: 0.6383191301792537 and parameters: {'n_estimators': 150, 'learning_rate': 0.14780234510493656, 'max_depth': 2, 'subsample': 0.6217075342042813, 'colsample_bytree': 0.9232956231285671, 'min_child_weight': 1}. Best is trial 74 with value: 0.652894504848663.
Trial 91 finished with value: 0.6334998530708199 and parameters: {'n_estimators': 145, 'learning_rate': 0.14913331966820967, 'max_depth': 2, 'subsample': 0.6569222307040968, 'colsample_bytree': 0.9727132904962617, 'min_child_weight': 1}. Best is trial 74 with value: 0.652894504848663.
Trial 92 finished with value: 0.6164854540111666 and parameters: {'n_estimators': 151, 'learning_rate': 0.14236152633597335, 'max_depth': 2, 'subsample': 0.6210862271389346, 'colsample_bytree': 0.9251168785608592, 'min_child_weight': 1}. Best is trial 74 with value: 0.652894504848663.
Trial 93 finished with value: 0.650455480458419 and parameters: {'n_estimators': 178, 'learning_rate': 0.12867589002907792, 'max_depth': 2, 'subsample': 0.7607188405372726, 'colsample_bytree': 0.9780698862765037, 'min_child_weight': 1}. Best is trial 74 with value: 0.652894504848663.
Trial 94 finished with value: 0.6528651190126359 and parameters: {'n_estimators': 140, 'learning_rate': 0.1628480355532447, 'max_depth': 2, 'subsample': 0.7605342376816097, 'colsample_bytree': 0.9778558541157298, 'min_child_weight': 1}. Best is trial 74 with value: 0.652894504848663.
Trial 95 finished with value: 0.6286511901263592 and parameters: {'n_estimators': 141, 'learning_rate': 0.16047260199224384, 'max_depth': 2, 'subsample': 0.761642301281679, 'colsample_bytree': 0.9762709821592562, 'min_child_weight': 2}. Best is trial 74 with value: 0.652894504848663.
Trial 96 finished with value: 0.6505730238025272 and parameters: {'n_estimators': 124, 'learning_rate': 0.1280201709241631, 'max_depth': 2, 'subsample': 0.8072614884156698, 'colsample_bytree': 0.9999044533752276, 'min_child_weight': 1}. Best is trial 74 with value: 0.652894504848663.
Trial 97 finished with value: 0.6432559506317955 and parameters: {'n_estimators': 121, 'learning_rate': 0.12685282707412968, 'max_depth': 2, 'subsample': 0.8095985350211558, 'colsample_bytree': 0.9987869995320529, 'min_child_weight': 1}. Best is trial 74 with value: 0.652894504848663.
Trial 98 finished with value: 0.5896855715545107 and parameters: {'n_estimators': 105, 'learning_rate': 0.12677795247287887, 'max_depth': 2, 'subsample': 0.8058188417181209, 'colsample_bytree': 0.9962700731610034, 'min_child_weight': 6}. Best is trial 74 with value: 0.652894504848663.
Trial 99 finished with value: 0.6456068175139583 and parameters: {'n_estimators': 124, 'learning_rate': 0.11689333314727202, 'max_depth': 2, 'subsample': 0.7775609305162331, 'colsample_bytree': 0.9447502225239224, 'min_child_weight': 1}. Best is trial 74 with value: 0.652894504848663.
Trial 100 finished with value: 0.6504848662944461 and parameters: {'n_estimators': 122, 'learning_rate': 0.1188409361576438, 'max_depth': 2, 'subsample': 0.7844758435397514, 'colsample_bytree': 0.9379953382525537, 'min_child_weight': 1}. Best is trial 74 with value: 0.652894504848663.
Trial 101 finished with value: 0.6578313253012048 and parameters: {'n_estimators': 122, 'learning_rate': 0.1169062528759676, 'max_depth': 2, 'subsample': 0.8215457435272339, 'colsample_bytree': 0.943395817620815, 'min_child_weight': 1}. Best is trial 101 with value: 0.6578313253012048.
Trial 102 finished with value: 0.6481046135762563 and parameters: {'n_estimators': 127, 'learning_rate': 0.12105880040535197, 'max_depth': 2, 'subsample': 0.8226310648769447, 'colsample_bytree': 0.9473797796354376, 'min_child_weight': 1}. Best is trial 101 with value: 0.6578313253012048.
Trial 103 finished with value: 0.6602115780193947 and parameters: {'n_estimators': 115, 'learning_rate': 0.11818920223121067, 'max_depth': 2, 'subsample': 0.8311607635710521, 'colsample_bytree': 0.9428727754256782, 'min_child_weight': 1}. Best is trial 103 with value: 0.6602115780193947.
Trial 104 finished with value: 0.6602409638554217 and parameters: {'n_estimators': 100, 'learning_rate': 0.1067308505717908, 'max_depth': 2, 'subsample': 0.8294265149145251, 'colsample_bytree': 0.9442269977282494, 'min_child_weight': 1}. Best is trial 104 with value: 0.6602409638554217.
Trial 105 finished with value: 0.6650602409638555 and parameters: {'n_estimators': 101, 'learning_rate': 0.10491472095547087, 'max_depth': 2, 'subsample': 0.8272165028037439, 'colsample_bytree': 0.9063526354364151, 'min_child_weight': 1}. Best is trial 105 with value: 0.6650602409638555.
Trial 106 finished with value: 0.6505142521304732 and parameters: {'n_estimators': 113, 'learning_rate': 0.12230999207213614, 'max_depth': 2, 'subsample': 0.82646268628275, 'colsample_bytree': 0.9046191215991084, 'min_child_weight': 1}. Best is trial 105 with value: 0.6650602409638555.
Trial 107 finished with value: 0.6360270349691449 and parameters: {'n_estimators': 101, 'learning_rate': 0.10905983591529769, 'max_depth': 2, 'subsample': 0.8327250514137252, 'colsample_bytree': 0.911830984652299, 'min_child_weight': 2}. Best is trial 105 with value: 0.6650602409638555.
Trial 108 finished with value: 0.6359682632970909 and parameters: {'n_estimators': 103, 'learning_rate': 0.10708354550320044, 'max_depth': 2, 'subsample': 0.8672628648140631, 'colsample_bytree': 0.9011293442311115, 'min_child_weight': 2}. Best is trial 105 with value: 0.6650602409638555.
Trial 109 finished with value: 0.6602703496914488 and parameters: {'n_estimators': 114, 'learning_rate': 0.10480262815904373, 'max_depth': 2, 'subsample': 0.8536726156803284, 'colsample_bytree': 0.9368927613629667, 'min_child_weight': 1}. Best is trial 105 with value: 0.6650602409638555.
Trial 110 finished with value: 0.6407875404055245 and parameters: {'n_estimators': 108, 'learning_rate': 0.10147099923792513, 'max_depth': 2, 'subsample': 0.8832398295162422, 'colsample_bytree': 0.8753425620092746, 'min_child_weight': 1}. Best is trial 105 with value: 0.6650602409638555.
Trial 111 finished with value: 0.6675286511901264 and parameters: {'n_estimators': 110, 'learning_rate': 0.11185465235345901, 'max_depth': 2, 'subsample': 0.8515215904005504, 'colsample_bytree': 0.9310730512196842, 'min_child_weight': 1}. Best is trial 111 with value: 0.6675286511901264.
Trial 112 finished with value: 0.6481339994122833 and parameters: {'n_estimators': 114, 'learning_rate': 0.11260544161238518, 'max_depth': 2, 'subsample': 0.8527260632881886, 'colsample_bytree': 0.9315033544995073, 'min_child_weight': 1}. Best is trial 111 with value: 0.6675286511901264.
Trial 113 finished with value: 0.6626799882456655 and parameters: {'n_estimators': 114, 'learning_rate': 0.10606011207751444, 'max_depth': 2, 'subsample': 0.8244026415996474, 'colsample_bytree': 0.9571852818132478, 'min_child_weight': 1}. Best is trial 111 with value: 0.6675286511901264.
Trial 114 finished with value: 0.6626799882456655 and parameters: {'n_estimators': 112, 'learning_rate': 0.10595092071750283, 'max_depth': 2, 'subsample': 0.8284944475006205, 'colsample_bytree': 0.9591352641586187, 'min_child_weight': 1}. Best is trial 111 with value: 0.6675286511901264.
Trial 115 finished with value: 0.6431677931237145 and parameters: {'n_estimators': 108, 'learning_rate': 0.1055263928953681, 'max_depth': 2, 'subsample': 0.8983941697608068, 'colsample_bytree': 0.956479972276694, 'min_child_weight': 1}. Best is trial 111 with value: 0.6675286511901264.
Trial 116 finished with value: 0.6626799882456657 and parameters: {'n_estimators': 118, 'learning_rate': 0.09956784984431198, 'max_depth': 2, 'subsample': 0.8483401984556215, 'colsample_bytree': 0.9563602566199652, 'min_child_weight': 1}. Best is trial 111 with value: 0.6675286511901264.
Trial 117 finished with value: 0.6311489861886572 and parameters: {'n_estimators': 117, 'learning_rate': 0.10138946417622943, 'max_depth': 2, 'subsample': 0.8479286730985428, 'colsample_bytree': 0.9231505710354231, 'min_child_weight': 2}. Best is trial 111 with value: 0.6675286511901264.
Trial 118 finished with value: 0.6505436379665002 and parameters: {'n_estimators': 108, 'learning_rate': 0.09782016399969487, 'max_depth': 2, 'subsample': 0.877321038898572, 'colsample_bytree': 0.9538781308884116, 'min_child_weight': 1}. Best is trial 111 with value: 0.6675286511901264.
Trial 119 finished with value: 0.6578313253012048 and parameters: {'n_estimators': 100, 'learning_rate': 0.10395223089618376, 'max_depth': 2, 'subsample': 0.8885569288663134, 'colsample_bytree': 0.8887121405504295, 'min_child_weight': 1}. Best is trial 111 with value: 0.6675286511901264.
Trial 120 finished with value: 0.6407581545694976 and parameters: {'n_estimators': 98, 'learning_rate': 0.10652775278994278, 'max_depth': 2, 'subsample': 0.8552786593399626, 'colsample_bytree': 0.885715553685039, 'min_child_weight': 2}. Best is trial 111 with value: 0.6675286511901264.
Trial 121 finished with value: 0.6408169262415517 and parameters: {'n_estimators': 92, 'learning_rate': 0.1045166497915346, 'max_depth': 2, 'subsample': 0.8867273050911152, 'colsample_bytree': 0.9773986146736316, 'min_child_weight': 1}. Best is trial 111 with value: 0.6675286511901264.
Trial 122 finished with value: 0.6456949750220395 and parameters: {'n_estimators': 103, 'learning_rate': 0.11045196941042217, 'max_depth': 2, 'subsample': 0.9088429160034455, 'colsample_bytree': 0.9335968046561538, 'min_child_weight': 1}. Best is trial 111 with value: 0.6675286511901264.
Trial 123 finished with value: 0.6626212165736115 and parameters: {'n_estimators': 114, 'learning_rate': 0.09918322661492414, 'max_depth': 2, 'subsample': 0.8225784242265578, 'colsample_bytree': 0.9082948666574368, 'min_child_weight': 1}. Best is trial 111 with value: 0.6675286511901264.
Trial 124 finished with value: 0.6602115780193947 and parameters: {'n_estimators': 114, 'learning_rate': 0.09224575424132246, 'max_depth': 2, 'subsample': 0.8305790055148818, 'colsample_bytree': 0.9112673725330523, 'min_child_weight': 1}. Best is trial 111 with value: 0.6675286511901264.
Trial 125 finished with value: 0.6529532765207171 and parameters: {'n_estimators': 113, 'learning_rate': 0.09354641073090214, 'max_depth': 2, 'subsample': 0.8339449885741083, 'colsample_bytree': 0.8708775131900689, 'min_child_weight': 1}. Best is trial 111 with value: 0.6675286511901264.
Trial 126 finished with value: 0.6505436379665002 and parameters: {'n_estimators': 113, 'learning_rate': 0.09229260864130545, 'max_depth': 2, 'subsample': 0.837082748925454, 'colsample_bytree': 0.8719226493686043, 'min_child_weight': 1}. Best is trial 111 with value: 0.6675286511901264.
Trial 127 finished with value: 0.6384072876873347 and parameters: {'n_estimators': 99, 'learning_rate': 0.09836321366933304, 'max_depth': 2, 'subsample': 0.8578694546368958, 'colsample_bytree': 0.8958894960407429, 'min_child_weight': 2}. Best is trial 111 with value: 0.6675286511901264.
Trial 128 finished with value: 0.6529826623567441 and parameters: {'n_estimators': 117, 'learning_rate': 0.0939932584471823, 'max_depth': 2, 'subsample': 0.8845967370458181, 'colsample_bytree': 0.9127800137920722, 'min_child_weight': 1}. Best is trial 111 with value: 0.6675286511901264.
Trial 129 finished with value: 0.6237437555098444 and parameters: {'n_estimators': 107, 'learning_rate': 0.08825361043317091, 'max_depth': 9, 'subsample': 0.9200055791671069, 'colsample_bytree': 0.9110701286449543, 'min_child_weight': 1}. Best is trial 111 with value: 0.6675286511901264.
Trial 130 finished with value: 0.606729356450191 and parameters: {'n_estimators': 118, 'learning_rate': 0.10187311452900956, 'max_depth': 2, 'subsample': 0.8918084617637341, 'colsample_bytree': 0.8889677014256919, 'min_child_weight': 5}. Best is trial 111 with value: 0.6675286511901264.
Trial 131 finished with value: 0.6529826623567441 and parameters: {'n_estimators': 112, 'learning_rate': 0.09432447088856787, 'max_depth': 2, 'subsample': 0.8743079727460757, 'colsample_bytree': 0.8729411254512948, 'min_child_weight': 1}. Best is trial 111 with value: 0.6675286511901264.
Trial 132 finished with value: 0.6505730238025272 and parameters: {'n_estimators': 111, 'learning_rate': 0.09712268727114254, 'max_depth': 2, 'subsample': 0.8740600568705813, 'colsample_bytree': 0.9108567529374504, 'min_child_weight': 1}. Best is trial 111 with value: 0.6675286511901264.
Trial 133 finished with value: 0.6432853364678225 and parameters: {'n_estimators': 118, 'learning_rate': 0.09042801309115625, 'max_depth': 2, 'subsample': 0.9317576394499782, 'colsample_bytree': 0.9459321628678087, 'min_child_weight': 1}. Best is trial 111 with value: 0.6675286511901264.
Trial 134 finished with value: 0.6577725536291508 and parameters: {'n_estimators': 96, 'learning_rate': 0.0866728810703295, 'max_depth': 2, 'subsample': 0.857883702593337, 'colsample_bytree': 0.8611931315350562, 'min_child_weight': 1}. Best is trial 111 with value: 0.6675286511901264.
Trial 135 finished with value: 0.6602115780193947 and parameters: {'n_estimators': 96, 'learning_rate': 0.08771497725865907, 'max_depth': 2, 'subsample': 0.8205723107030519, 'colsample_bytree': 0.9376041915732068, 'min_child_weight': 1}. Best is trial 111 with value: 0.6675286511901264.
Trial 136 finished with value: 0.6626506024096386 and parameters: {'n_estimators': 94, 'learning_rate': 0.08603770835457632, 'max_depth': 2, 'subsample': 0.8290641733404611, 'colsample_bytree': 0.9598436924332352, 'min_child_weight': 1}. Best is trial 111 with value: 0.6675286511901264.
Trial 137 finished with value: 0.655362915074934 and parameters: {'n_estimators': 84, 'learning_rate': 0.08429672453277223, 'max_depth': 2, 'subsample': 0.8180993230171523, 'colsample_bytree': 0.9595926433694024, 'min_child_weight': 1}. Best is trial 111 with value: 0.6675286511901264.
Trial 138 finished with value: 0.6092271525124889 and parameters: {'n_estimators': 101, 'learning_rate': 0.09864065580591383, 'max_depth': 10, 'subsample': 0.8299223294287723, 'colsample_bytree': 0.9367008467447779, 'min_child_weight': 1}. Best is trial 111 with value: 0.6675286511901264.
Trial 139 finished with value: 0.6384072876873348 and parameters: {'n_estimators': 91, 'learning_rate': 0.11346217519724822, 'max_depth': 2, 'subsample': 0.794674324747655, 'colsample_bytree': 0.9592793493454821, 'min_child_weight': 2}. Best is trial 111 with value: 0.6675286511901264.
Trial 140 finished with value: 0.6432265647957685 and parameters: {'n_estimators': 296, 'learning_rate': 0.10387656436505438, 'max_depth': 2, 'subsample': 0.8380494510140155, 'colsample_bytree': 0.9352929449596837, 'min_child_weight': 1}. Best is trial 111 with value: 0.6675286511901264.
Trial 141 finished with value: 0.65292389068469 and parameters: {'n_estimators': 94, 'learning_rate': 0.08683551875795181, 'max_depth': 2, 'subsample': 0.8558102672035959, 'colsample_bytree': 0.9001366993346269, 'min_child_weight': 1}. Best is trial 111 with value: 0.6675286511901264.
Trial 142 finished with value: 0.6578019394651778 and parameters: {'n_estimators': 97, 'learning_rate': 0.08436662169693253, 'max_depth': 2, 'subsample': 0.8127277425413459, 'colsample_bytree': 0.918291023925166, 'min_child_weight': 1}. Best is trial 111 with value: 0.6675286511901264.
Trial 143 finished with value: 0.6577725536291508 and parameters: {'n_estimators': 88, 'learning_rate': 0.08020217357316489, 'max_depth': 2, 'subsample': 0.8112325286855753, 'colsample_bytree': 0.9244128769816776, 'min_child_weight': 1}. Best is trial 111 with value: 0.6675286511901264.
Trial 144 finished with value: 0.6530120481927713 and parameters: {'n_estimators': 105, 'learning_rate': 0.09103441466568893, 'max_depth': 2, 'subsample': 0.8204167410201642, 'colsample_bytree': 0.965011803097362, 'min_child_weight': 1}. Best is trial 111 with value: 0.6675286511901264.
Trial 145 finished with value: 0.6601821921833675 and parameters: {'n_estimators': 100, 'learning_rate': 0.10835954610731996, 'max_depth': 2, 'subsample': 0.7948567554302824, 'colsample_bytree': 0.9412490338187246, 'min_child_weight': 1}. Best is trial 111 with value: 0.6675286511901264.
Trial 146 finished with value: 0.6481339994122833 and parameters: {'n_estimators': 103, 'learning_rate': 0.10968193391211424, 'max_depth': 2, 'subsample': 0.7920023173809544, 'colsample_bytree': 0.9540867625299693, 'min_child_weight': 1}. Best is trial 111 with value: 0.6675286511901264.
Trial 147 finished with value: 0.633588010578901 and parameters: {'n_estimators': 109, 'learning_rate': 0.10673068023448315, 'max_depth': 2, 'subsample': 0.8458643363778232, 'colsample_bytree': 0.8872986150818968, 'min_child_weight': 2}. Best is trial 111 with value: 0.6675286511901264.
Trial 148 finished with value: 0.6432559506317955 and parameters: {'n_estimators': 75, 'learning_rate': 0.10013462103908062, 'max_depth': 3, 'subsample': 0.8339271151414097, 'colsample_bytree': 0.943355131361691, 'min_child_weight': 1}. Best is trial 111 with value: 0.6675286511901264.
Trial 149 finished with value: 0.6384072876873348 and parameters: {'n_estimators': 105, 'learning_rate': 0.11374546651834655, 'max_depth': 2, 'subsample': 0.9119848383923809, 'colsample_bytree': 0.9800259276297325, 'min_child_weight': 1}. Best is trial 111 with value: 0.6675286511901264.
Trial 150 finished with value: 0.6456949750220394 and parameters: {'n_estimators': 99, 'learning_rate': 0.10455241232686603, 'max_depth': 2, 'subsample': 0.8940730305973413, 'colsample_bytree': 0.9327611232305235, 'min_child_weight': 2}. Best is trial 111 with value: 0.6675286511901264.
Trial 151 finished with value: 0.657890096973259 and parameters: {'n_estimators': 95, 'learning_rate': 0.07575684046546437, 'max_depth': 2, 'subsample': 0.807322068809914, 'colsample_bytree': 0.917666201668675, 'min_child_weight': 1}. Best is trial 111 with value: 0.6675286511901264.
