Trial 380 finished with value: 0.655392300910961 and parameters: {'n_estimators': 220, 'learning_rate': 0.06696082882371633, 'max_depth': 2, 'subsample': 0.8118454483258464, 'colsample_bytree': 0.7357366556512805, 'min_child_weight': 1}. Best is trial 214 with value: 0.6723773141345871.
Trial 381 finished with value: 0.6529532765207171 and parameters: {'n_estimators': 226, 'learning_rate': 0.05217536601338732, 'max_depth': 2, 'subsample': 0.7789482566232543, 'colsample_bytree': 0.7510411361942861, 'min_child_weight': 1}. Best is trial 214 with value: 0.6723773141345871.
Trial 382 finished with value: 0.6626799882456657 and parameters: {'n_estimators': 232, 'learning_rate': 0.055102242316750684, 'max_depth': 2, 'subsample': 0.958923082460934, 'colsample_bytree': 0.750244237945659, 'min_child_weight': 1}. Best is trial 214 with value: 0.6723773141345871.
Trial 383 finished with value: 0.6359682632970908 and parameters: {'n_estimators': 234, 'learning_rate': 0.05354642267251522, 'max_depth': 2, 'subsample': 0.9567790365774629, 'colsample_bytree': 0.7627993390937938, 'min_child_weight': 2}. Best is trial 214 with value: 0.6723773141345871.
Trial 384 finished with value: 0.6505436379665002 and parameters: {'n_estimators': 229, 'learning_rate': 0.05299469189133256, 'max_depth': 2, 'subsample': 0.9621417593577611, 'colsample_bytree': 0.7171582724405987, 'min_child_weight': 1}. Best is trial 214 with value: 0.6723773141345871.
Trial 385 finished with value: 0.6577725536291508 and parameters: {'n_estimators': 228, 'learning_rate': 0.056163251937679834, 'max_depth': 2, 'subsample': 0.9291862275161956, 'colsample_bytree': 0.7328416013772853, 'min_child_weight': 1}. Best is trial 214 with value: 0.6723773141345871.
Trial 386 finished with value: 0.6602115780193947 and parameters: {'n_estimators': 221, 'learning_rate': 0.051709046598414424, 'max_depth': 2, 'subsample': 0.9168325044602443, 'colsample_bytree': 0.7587833678887715, 'min_child_weight': 1}. Best is trial 214 with value: 0.6723773141345871.
Trial 387 finished with value: 0.6456949750220394 and parameters: {'n_estimators': 229, 'learning_rate': 0.06263131773178965, 'max_depth': 3, 'subsample': 0.9464872494836618, 'colsample_bytree': 0.7808597191688371, 'min_child_weight': 1}. Best is trial 214 with value: 0.6723773141345871.
Trial 388 finished with value: 0.6456655891860124 and parameters: {'n_estimators': 232, 'learning_rate': 0.0734557256641841, 'max_depth': 2, 'subsample': 0.9314192639224114, 'colsample_bytree': 0.7427509785165864, 'min_child_weight': 1}. Best is trial 214 with value: 0.6723773141345871.
Trial 389 finished with value: 0.6262121657361153 and parameters: {'n_estimators': 237, 'learning_rate': 0.05172636827419226, 'max_depth': 2, 'subsample': 0.6607808597717366, 'colsample_bytree': 0.7260998339015373, 'min_child_weight': 1}. Best is trial 214 with value: 0.6723773141345871.
Trial 390 finished with value: 0.6481046135762563 and parameters: {'n_estimators': 222, 'learning_rate': 0.056959746098929946, 'max_depth': 2, 'subsample': 0.9562989409991907, 'colsample_bytree': 0.7104556685207234, 'min_child_weight': 1}. Best is trial 214 with value: 0.6723773141345871.
Trial 391 finished with value: 0.6189244784014105 and parameters: {'n_estimators': 241, 'learning_rate': 0.059786468874889705, 'max_depth': 2, 'subsample': 0.9699069658576791, 'colsample_bytree': 0.7778669359133404, 'min_child_weight': 3}. Best is trial 214 with value: 0.6723773141345871.
Trial 392 finished with value: 0.6505730238025272 and parameters: {'n_estimators': 231, 'learning_rate': 0.050837604513142114, 'max_depth': 2, 'subsample': 0.9112930003611823, 'colsample_bytree': 0.7027394149082467, 'min_child_weight': 1}. Best is trial 214 with value: 0.6723773141345871.
Trial 393 finished with value: 0.6431677931237144 and parameters: {'n_estimators': 224, 'learning_rate': 0.0554400832661687, 'max_depth': 3, 'subsample': 0.7571733602886814, 'colsample_bytree': 0.758946948321872, 'min_child_weight': 1}. Best is trial 214 with value: 0.6723773141345871.
Trial 394 finished with value: 0.6432853364678225 and parameters: {'n_estimators': 234, 'learning_rate': 0.06447001000867335, 'max_depth': 2, 'subsample': 0.9330921282166131, 'colsample_bytree': 0.4998484549589646, 'min_child_weight': 1}. Best is trial 214 with value: 0.6723773141345871.
Trial 395 finished with value: 0.6578019394651778 and parameters: {'n_estimators': 245, 'learning_rate': 0.05573535456387327, 'max_depth': 2, 'subsample': 0.9823329844977401, 'colsample_bytree': 0.7397489900324211, 'min_child_weight': 1}. Best is trial 214 with value: 0.6723773141345871.
Trial 396 finished with value: 0.6091389950044079 and parameters: {'n_estimators': 238, 'learning_rate': 0.05021735637318024, 'max_depth': 9, 'subsample': 0.7999651469606444, 'colsample_bytree': 0.6904515328034673, 'min_child_weight': 1}. Best is trial 214 with value: 0.6723773141345871.
Trial 397 finished with value: 0.6262121657361153 and parameters: {'n_estimators': 242, 'learning_rate': 0.058232996542296724, 'max_depth': 2, 'subsample': 0.7007533042106698, 'colsample_bytree': 0.6749010998019418, 'min_child_weight': 2}. Best is trial 214 with value: 0.6723773141345871.
Trial 398 finished with value: 0.6626799882456655 and parameters: {'n_estimators': 226, 'learning_rate': 0.05422844565920636, 'max_depth': 2, 'subsample': 0.8879855777837153, 'colsample_bytree': 0.7141576642028269, 'min_child_weight': 1}. Best is trial 214 with value: 0.6723773141345871.
Trial 399 finished with value: 0.5921833676168087 and parameters: {'n_estimators': 218, 'learning_rate': 0.05409802425027726, 'max_depth': 2, 'subsample': 0.994729857398136, 'colsample_bytree': 0.44871124345658026, 'min_child_weight': 4}. Best is trial 214 with value: 0.6723773141345871.
