Trial 164 finished with value: 0.6014285714285714 and parameters: {'learning_rate': 0.032724011780513595, 'max_depth': 3, 'subsample': 0.4777838241950003, 'colsample_bytree': 0.7303647585100154, 'min_child_weight': 18}. Best is trial 137 with value: 0.6160714285714285.
Trial 165 finished with value: 0.5938095238095238 and parameters: {'learning_rate': 0.03956763888607295, 'max_depth': 6, 'subsample': 0.2791269544568007, 'colsample_bytree': 0.8485455186883313, 'min_child_weight': 17}. Best is trial 137 with value: 0.6160714285714285.
Trial 166 finished with value: 0.6089285714285715 and parameters: {'learning_rate': 0.03465393071901451, 'max_depth': 8, 'subsample': 0.5741270261647992, 'colsample_bytree': 0.9544757996129888, 'min_child_weight': 19}. Best is trial 137 with value: 0.6160714285714285.
Trial 167 finished with value: 0.6039285714285715 and parameters: {'learning_rate': 0.03478990507926894, 'max_depth': 8, 'subsample': 0.5893297542506301, 'colsample_bytree': 0.9627364772705337, 'min_child_weight': 19}. Best is trial 137 with value: 0.6160714285714285.
Trial 168 finished with value: 0.6138095238095238 and parameters: {'learning_rate': 0.029804494811770353, 'max_depth': 8, 'subsample': 0.5742288924056792, 'colsample_bytree': 0.9444765589985707, 'min_child_weight': 19}. Best is trial 137 with value: 0.6160714285714285.
Trial 169 finished with value: 0.5988095238095238 and parameters: {'learning_rate': 0.02485775049504799, 'max_depth': 8, 'subsample': 0.5693166382638534, 'colsample_bytree': 0.9130046683005705, 'min_child_weight': 19}. Best is trial 137 with value: 0.6160714285714285.
Trial 170 finished with value: 0.6014285714285714 and parameters: {'learning_rate': 0.02903835165750654, 'max_depth': 8, 'subsample': 0.5994921604278041, 'colsample_bytree': 0.9388828782093205, 'min_child_weight': 20}. Best is trial 137 with value: 0.6160714285714285.
Trial 171 finished with value: 0.5889285714285714 and parameters: {'learning_rate': 0.034226368154500975, 'max_depth': 9, 'subsample': 0.5010111086889895, 'colsample_bytree': 0.952371714494393, 'min_child_weight': 19}. Best is trial 137 with value: 0.6160714285714285.
Trial 172 finished with value: 0.6110714285714286 and parameters: {'learning_rate': 0.030747645104940376, 'max_depth': 8, 'subsample': 0.3484591296156251, 'colsample_bytree': 0.9792705372383492, 'min_child_weight': 18}. Best is trial 137 with value: 0.6160714285714285.
Trial 173 finished with value: 0.5942857142857142 and parameters: {'learning_rate': 0.02668864736962768, 'max_depth': 8, 'subsample': 0.3966412754099904, 'colsample_bytree': 0.9589352451376549, 'min_child_weight': 18}. Best is trial 137 with value: 0.6160714285714285.
Trial 174 finished with value: 0.5989285714285714 and parameters: {'learning_rate': 0.031721837373350915, 'max_depth': 8, 'subsample': 0.3754697252004846, 'colsample_bytree': 0.9842514836306503, 'min_child_weight': 18}. Best is trial 137 with value: 0.6160714285714285.
Trial 175 finished with value: 0.5838095238095239 and parameters: {'learning_rate': 0.01840531691983442, 'max_depth': 8, 'subsample': 0.3303856032121255, 'colsample_bytree': 0.9778345672428278, 'min_child_weight': 19}. Best is trial 137 with value: 0.6160714285714285.
Trial 176 finished with value: 0.586547619047619 and parameters: {'learning_rate': 0.03018531976064919, 'max_depth': 7, 'subsample': 0.35261377103923225, 'colsample_bytree': 0.879146122218608, 'min_child_weight': 19}. Best is trial 137 with value: 0.6160714285714285.
Trial 177 finished with value: 0.6065476190476191 and parameters: {'learning_rate': 0.06290260366383096, 'max_depth': 8, 'subsample': 0.5641016240332, 'colsample_bytree': 0.9099890960397485, 'min_child_weight': 20}. Best is trial 137 with value: 0.6160714285714285.
Trial 178 finished with value: 0.6163095238095238 and parameters: {'learning_rate': 0.03648290825030976, 'max_depth': 9, 'subsample': 0.5310085599917911, 'colsample_bytree': 0.9713357361193031, 'min_child_weight': 18}. Best is trial 178 with value: 0.6163095238095238.
Trial 179 finished with value: 0.6138095238095238 and parameters: {'learning_rate': 0.05350154377570261, 'max_depth': 9, 'subsample': 0.5321481567237538, 'colsample_bytree': 0.9924783238121935, 'min_child_weight': 19}. Best is trial 178 with value: 0.6163095238095238.
Trial 180 finished with value: 0.5865476190476191 and parameters: {'learning_rate': 0.052490633121413936, 'max_depth': 9, 'subsample': 0.3131356342755563, 'colsample_bytree': 0.9932381635904167, 'min_child_weight': 20}. Best is trial 178 with value: 0.6163095238095238.
Trial 181 finished with value: 0.6041666666666667 and parameters: {'learning_rate': 0.0663200183764426, 'max_depth': 9, 'subsample': 0.5299284536527575, 'colsample_bytree': 0.9991938786257437, 'min_child_weight': 18}. Best is trial 178 with value: 0.6163095238095238.
Trial 182 finished with value: 0.6039285714285715 and parameters: {'learning_rate': 0.05963442803706334, 'max_depth': 9, 'subsample': 0.34698083374295097, 'colsample_bytree': 0.9480749111102587, 'min_child_weight': 19}. Best is trial 178 with value: 0.6163095238095238.
Trial 183 finished with value: 0.599047619047619 and parameters: {'learning_rate': 0.0362888418357689, 'max_depth': 10, 'subsample': 0.5803743464390615, 'colsample_bytree': 0.9608266199014389, 'min_child_weight': 19}. Best is trial 178 with value: 0.6163095238095238.
Trial 184 finished with value: 0.6041666666666666 and parameters: {'learning_rate': 0.04927515956529308, 'max_depth': 9, 'subsample': 0.5509582905844473, 'colsample_bytree': 0.974573924638826, 'min_child_weight': 18}. Best is trial 178 with value: 0.6163095238095238.
Trial 185 finished with value: 0.589047619047619 and parameters: {'learning_rate': 0.008723802002713615, 'max_depth': 8, 'subsample': 0.5297458902806889, 'colsample_bytree': 0.974034364169389, 'min_child_weight': 19}. Best is trial 178 with value: 0.6163095238095238.
Trial 186 finished with value: 0.6089285714285714 and parameters: {'learning_rate': 0.04254194080706198, 'max_depth': 9, 'subsample': 0.5636515113058113, 'colsample_bytree': 0.9262931588757961, 'min_child_weight': 18}. Best is trial 178 with value: 0.6163095238095238.
Trial 187 finished with value: 0.5894047619047619 and parameters: {'learning_rate': 0.07314943802040766, 'max_depth': 8, 'subsample': 0.6130350605466691, 'colsample_bytree': 0.9668575484704142, 'min_child_weight': 19}. Best is trial 178 with value: 0.6163095238095238.
Trial 188 finished with value: 0.6061904761904762 and parameters: {'learning_rate': 0.057356197057116906, 'max_depth': 8, 'subsample': 0.2961906026561577, 'colsample_bytree': 0.9985700041306128, 'min_child_weight': 18}. Best is trial 178 with value: 0.6163095238095238.
Trial 189 finished with value: 0.5941666666666666 and parameters: {'learning_rate': 0.03774674692910306, 'max_depth': 9, 'subsample': 0.42077935760975993, 'colsample_bytree': 0.633781593435594, 'min_child_weight': 19}. Best is trial 178 with value: 0.6163095238095238.
Trial 190 finished with value: 0.5966666666666666 and parameters: {'learning_rate': 0.05387477199675759, 'max_depth': 8, 'subsample': 0.5434589136081882, 'colsample_bytree': 0.6874744670029849, 'min_child_weight': 20}. Best is trial 178 with value: 0.6163095238095238.
Trial 191 finished with value: 0.6039285714285714 and parameters: {'learning_rate': 0.04321037712502233, 'max_depth': 9, 'subsample': 0.5752420153923962, 'colsample_bytree': 0.9221600160170128, 'min_child_weight': 18}. Best is trial 178 with value: 0.6163095238095238.
Trial 192 finished with value: 0.606547619047619 and parameters: {'learning_rate': 0.045882552526097166, 'max_depth': 9, 'subsample': 0.5619758896609399, 'colsample_bytree': 0.9350089294771247, 'min_child_weight': 18}. Best is trial 178 with value: 0.6163095238095238.
Trial 193 finished with value: 0.6039285714285714 and parameters: {'learning_rate': 0.041432800659231425, 'max_depth': 9, 'subsample': 0.5934111423092373, 'colsample_bytree': 0.8985122607561689, 'min_child_weight': 19}. Best is trial 178 with value: 0.6163095238095238.
Trial 194 finished with value: 0.5885714285714285 and parameters: {'learning_rate': 0.004821184365466671, 'max_depth': 10, 'subsample': 0.5154174850344205, 'colsample_bytree': 0.9538972318139892, 'min_child_weight': 18}. Best is trial 178 with value: 0.6163095238095238.
Trial 195 finished with value: 0.611547619047619 and parameters: {'learning_rate': 0.032263873234918576, 'max_depth': 8, 'subsample': 0.5410044575839853, 'colsample_bytree': 0.9272767266238635, 'min_child_weight': 19}. Best is trial 178 with value: 0.6163095238095238.
Trial 196 finished with value: 0.6110714285714287 and parameters: {'learning_rate': 0.03264277344116798, 'max_depth': 8, 'subsample': 0.5276109037668585, 'colsample_bytree': 0.8642283991466004, 'min_child_weight': 19}. Best is trial 178 with value: 0.6163095238095238.
Trial 197 finished with value: 0.6086904761904763 and parameters: {'learning_rate': 0.03171681992791528, 'max_depth': 8, 'subsample': 0.5442957381173265, 'colsample_bytree': 0.8511789371876564, 'min_child_weight': 20}. Best is trial 178 with value: 0.6163095238095238.
Trial 198 finished with value: 0.6061904761904763 and parameters: {'learning_rate': 0.028546506828674992, 'max_depth': 8, 'subsample': 0.5268600201756987, 'colsample_bytree': 0.866409122990407, 'min_child_weight': 19}. Best is trial 178 with value: 0.6163095238095238.
Trial 199 finished with value: 0.6139285714285714 and parameters: {'learning_rate': 0.033342034358361215, 'max_depth': 8, 'subsample': 0.5378803078305973, 'colsample_bytree': 0.9712291280651287, 'min_child_weight': 19}. Best is trial 178 with value: 0.6163095238095238.
Trial 200 finished with value: 0.591547619047619 and parameters: {'learning_rate': 0.03295907043385523, 'max_depth': 8, 'subsample': 0.4853599960591076, 'colsample_bytree': 0.9779149265764248, 'min_child_weight': 20}. Best is trial 178 with value: 0.6163095238095238.
Trial 201 finished with value: 0.6089285714285714 and parameters: {'learning_rate': 0.03546648325295739, 'max_depth': 8, 'subsample': 0.5419356061779792, 'colsample_bytree': 0.939225512653652, 'min_child_weight': 19}. Best is trial 178 with value: 0.6163095238095238.
Trial 202 finished with value: 0.6063095238095237 and parameters: {'learning_rate': 0.03035694830040867, 'max_depth': 8, 'subsample': 0.5226570549687592, 'colsample_bytree': 0.9678044381251599, 'min_child_weight': 19}. Best is trial 178 with value: 0.6163095238095238.
Trial 203 finished with value: 0.6088095238095238 and parameters: {'learning_rate': 0.035160043787489936, 'max_depth': 8, 'subsample': 0.5569877977037685, 'colsample_bytree': 0.9510365777730959, 'min_child_weight': 19}. Best is trial 178 with value: 0.6163095238095238.
Trial 204 finished with value: 0.6038095238095238 and parameters: {'learning_rate': 0.027564618059522317, 'max_depth': 8, 'subsample': 0.5831198833058391, 'colsample_bytree': 0.8406015223420822, 'min_child_weight': 20}. Best is trial 178 with value: 0.6163095238095238.
Trial 205 finished with value: 0.5944047619047619 and parameters: {'learning_rate': 0.039077125310749215, 'max_depth': 8, 'subsample': 0.36437129454718087, 'colsample_bytree': 0.39741520893210064, 'min_child_weight': 11}. Best is trial 178 with value: 0.6163095238095238.
Trial 206 finished with value: 0.6064285714285714 and parameters: {'learning_rate': 0.03292555124632309, 'max_depth': 8, 'subsample': 0.6418985705492448, 'colsample_bytree': 0.9833182777259539, 'min_child_weight': 19}. Best is trial 178 with value: 0.6163095238095238.
Trial 207 finished with value: 0.6061904761904762 and parameters: {'learning_rate': 0.025811196886684394, 'max_depth': 7, 'subsample': 0.5346911573501961, 'colsample_bytree': 0.8052806634467986, 'min_child_weight': 19}. Best is trial 178 with value: 0.6163095238095238.
Trial 208 finished with value: 0.5938095238095238 and parameters: {'learning_rate': 0.02427237436323525, 'max_depth': 8, 'subsample': 0.4982813397642639, 'colsample_bytree': 0.8814735446732048, 'min_child_weight': 20}. Best is trial 178 with value: 0.6163095238095238.
Trial 209 finished with value: 0.6111904761904763 and parameters: {'learning_rate': 0.03634793634588898, 'max_depth': 8, 'subsample': 0.556738430031323, 'colsample_bytree': 0.9089901054165996, 'min_child_weight': 19}. Best is trial 178 with value: 0.6163095238095238.
Trial 210 finished with value: 0.5991666666666666 and parameters: {'learning_rate': 0.02995684702997026, 'max_depth': 7, 'subsample': 0.5162810617298731, 'colsample_bytree': 0.5933690726464558, 'min_child_weight': 18}. Best is trial 178 with value: 0.6163095238095238.
Trial 211 finished with value: 0.6038095238095238 and parameters: {'learning_rate': 0.03684871572366245, 'max_depth': 8, 'subsample': 0.5504130851965634, 'colsample_bytree': 0.9137280569506866, 'min_child_weight': 19}. Best is trial 178 with value: 0.6163095238095238.
Trial 212 finished with value: 0.6086904761904763 and parameters: {'learning_rate': 0.033362391189484884, 'max_depth': 8, 'subsample': 0.5713495934317381, 'colsample_bytree': 0.7034205352725048, 'min_child_weight': 19}. Best is trial 178 with value: 0.6163095238095238.
Trial 213 finished with value: 0.6113095238095239 and parameters: {'learning_rate': 0.03666265273559815, 'max_depth': 8, 'subsample': 0.5393819835022583, 'colsample_bytree': 0.8643108976545595, 'min_child_weight': 19}. Best is trial 178 with value: 0.6163095238095238.
Trial 214 finished with value: 0.6136904761904762 and parameters: {'learning_rate': 0.038750392522652916, 'max_depth': 8, 'subsample': 0.5168244549758516, 'colsample_bytree': 0.8739978344458322, 'min_child_weight': 18}. Best is trial 178 with value: 0.6163095238095238.
Trial 215 finished with value: 0.6064285714285714 and parameters: {'learning_rate': 0.03951269954497761, 'max_depth': 8, 'subsample': 0.5185009874633553, 'colsample_bytree': 0.8618564320327616, 'min_child_weight': 18}. Best is trial 178 with value: 0.6163095238095238.
Trial 216 finished with value: 0.5964285714285713 and parameters: {'learning_rate': 0.03732227857180137, 'max_depth': 8, 'subsample': 0.4925895660758678, 'colsample_bytree': 0.8842514126516696, 'min_child_weight': 18}. Best is trial 178 with value: 0.6163095238095238.
Trial 217 finished with value: 0.6064285714285714 and parameters: {'learning_rate': 0.03148334216527131, 'max_depth': 8, 'subsample': 0.5336297287357168, 'colsample_bytree': 0.8655993985721657, 'min_child_weight': 18}. Best is trial 178 with value: 0.6163095238095238.
Trial 218 finished with value: 0.5913095238095238 and parameters: {'learning_rate': 0.04016824317195795, 'max_depth': 8, 'subsample': 0.3228759832538693, 'colsample_bytree': 0.9071402187459735, 'min_child_weight': 20}. Best is trial 178 with value: 0.6163095238095238.
Trial 219 finished with value: 0.5741666666666668 and parameters: {'learning_rate': 0.028663659623726526, 'max_depth': 8, 'subsample': 0.2588443709755774, 'colsample_bytree': 0.8993275091604703, 'min_child_weight': 18}. Best is trial 178 with value: 0.6163095238095238.
Trial 220 finished with value: 0.5888095238095238 and parameters: {'learning_rate': 0.034342698640826584, 'max_depth': 7, 'subsample': 0.47123420803796706, 'colsample_bytree': 0.8503872915098862, 'min_child_weight': 19}. Best is trial 178 with value: 0.6163095238095238.
Trial 221 finished with value: 0.5964285714285713 and parameters: {'learning_rate': 0.047869673498431145, 'max_depth': 8, 'subsample': 0.553884828719434, 'colsample_bytree': 0.8416880202537913, 'min_child_weight': 19}. Best is trial 178 with value: 0.6163095238095238.
Trial 222 finished with value: 0.6061904761904763 and parameters: {'learning_rate': 0.03648163184700025, 'max_depth': 8, 'subsample': 0.5177363526464653, 'colsample_bytree': 0.8270641098048856, 'min_child_weight': 19}. Best is trial 178 with value: 0.6163095238095238.
Trial 223 finished with value: 0.601547619047619 and parameters: {'learning_rate': 0.06727627331358318, 'max_depth': 9, 'subsample': 0.5383447250697595, 'colsample_bytree': 0.8675856703040157, 'min_child_weight': 18}. Best is trial 178 with value: 0.6163095238095238.
Trial 224 finished with value: 0.6060714285714285 and parameters: {'learning_rate': 0.04225118636656184, 'max_depth': 8, 'subsample': 0.5043259366948372, 'colsample_bytree': 0.8762731985196017, 'min_child_weight': 19}. Best is trial 178 with value: 0.6163095238095238.
Trial 225 finished with value: 0.6039285714285714 and parameters: {'learning_rate': 0.03076857936548343, 'max_depth': 8, 'subsample': 0.5532590866713305, 'colsample_bytree': 0.26106004917857073, 'min_child_weight': 19}. Best is trial 178 with value: 0.6163095238095238.
Trial 226 finished with value: 0.5941666666666666 and parameters: {'learning_rate': 0.07845640985541939, 'max_depth': 8, 'subsample': 0.530046906615005, 'colsample_bytree': 0.999435973081633, 'min_child_weight': 17}. Best is trial 178 with value: 0.6163095238095238.
Trial 227 finished with value: 0.6064285714285715 and parameters: {'learning_rate': 0.051117473946812285, 'max_depth': 9, 'subsample': 0.37812978381604634, 'colsample_bytree': 0.9278929725132469, 'min_child_weight': 20}. Best is trial 178 with value: 0.6163095238095238.
Trial 228 finished with value: 0.6064285714285714 and parameters: {'learning_rate': 0.044950990303148086, 'max_depth': 8, 'subsample': 0.3386695008756791, 'colsample_bytree': 0.8288415751480882, 'min_child_weight': 18}. Best is trial 178 with value: 0.6163095238095238.
Trial 229 finished with value: 0.6061904761904762 and parameters: {'learning_rate': 0.06409343867030508, 'max_depth': 3, 'subsample': 0.501984996103988, 'colsample_bytree': 0.7745734144872134, 'min_child_weight': 19}. Best is trial 178 with value: 0.6163095238095238.
Trial 230 finished with value: 0.6088095238095237 and parameters: {'learning_rate': 0.03804907916778772, 'max_depth': 8, 'subsample': 0.5600004884663066, 'colsample_bytree': 0.8894710743290672, 'min_child_weight': 18}. Best is trial 178 with value: 0.6163095238095238.
Trial 231 finished with value: 0.6013095238095237 and parameters: {'learning_rate': 0.03415956463664325, 'max_depth': 8, 'subsample': 0.5846050408665813, 'colsample_bytree': 0.9613955945752268, 'min_child_weight': 19}. Best is trial 178 with value: 0.6163095238095238.
Trial 232 finished with value: 0.6113095238095239 and parameters: {'learning_rate': 0.03250633679921414, 'max_depth': 8, 'subsample': 0.5425307103093376, 'colsample_bytree': 0.9413648776797321, 'min_child_weight': 19}. Best is trial 178 with value: 0.6163095238095238.
Trial 233 finished with value: 0.6015476190476191 and parameters: {'learning_rate': 0.03137664987454558, 'max_depth': 8, 'subsample': 0.5427925302313458, 'colsample_bytree': 0.8517476959026533, 'min_child_weight': 20}. Best is trial 178 with value: 0.6163095238095238.
Trial 234 finished with value: 0.5941666666666666 and parameters: {'learning_rate': 0.02012133640959419, 'max_depth': 8, 'subsample': 0.5230445318847962, 'colsample_bytree': 0.9362952785626396, 'min_child_weight': 19}. Best is trial 178 with value: 0.6163095238095238.
Trial 235 finished with value: 0.5575 and parameters: {'learning_rate': 0.02863896980008419, 'max_depth': 9, 'subsample': 0.5400872973312327, 'colsample_bytree': 0.9210449086539291, 'min_child_weight': 4}. Best is trial 178 with value: 0.6163095238095238.
Trial 236 finished with value: 0.5501190476190476 and parameters: {'learning_rate': 0.03615936887031599, 'max_depth': 8, 'subsample': 0.23917905452154625, 'colsample_bytree': 0.6605176398729369, 'min_child_weight': 18}. Best is trial 178 with value: 0.6163095238095238.
Trial 237 finished with value: 0.6086904761904762 and parameters: {'learning_rate': 0.02611657492926878, 'max_depth': 8, 'subsample': 0.5651039213337438, 'colsample_bytree': 0.4860152317397661, 'min_child_weight': 19}. Best is trial 178 with value: 0.6163095238095238.
Trial 238 finished with value: 0.6038095238095238 and parameters: {'learning_rate': 0.05532748214867032, 'max_depth': 6, 'subsample': 0.5121140855111378, 'colsample_bytree': 0.9801620496930751, 'min_child_weight': 18}. Best is trial 178 with value: 0.6163095238095238.
Trial 239 finished with value: 0.5963095238095237 and parameters: {'learning_rate': 0.033018490820474096, 'max_depth': 8, 'subsample': 0.4800665933013367, 'colsample_bytree': 0.7505952244938324, 'min_child_weight': 19}. Best is trial 178 with value: 0.6163095238095238.
Trial 240 finished with value: 0.5715476190476191 and parameters: {'learning_rate': 0.04021278857298341, 'max_depth': 8, 'subsample': 0.2957757321719537, 'colsample_bytree': 0.8965079430614953, 'min_child_weight': 20}. Best is trial 178 with value: 0.6163095238095238.
Trial 241 finished with value: 0.6114285714285714 and parameters: {'learning_rate': 0.03480492422033564, 'max_depth': 8, 'subsample': 0.5721673809920438, 'colsample_bytree': 0.9425731339026178, 'min_child_weight': 19}. Best is trial 178 with value: 0.6163095238095238.
Trial 242 finished with value: 0.5989285714285714 and parameters: {'learning_rate': 0.014732844396609953, 'max_depth': 8, 'subsample': 0.594840185055496, 'colsample_bytree': 0.9531744203181689, 'min_child_weight': 19}. Best is trial 178 with value: 0.6163095238095238.
Trial 243 finished with value: 0.6114285714285714 and parameters: {'learning_rate': 0.03261272381613549, 'max_depth': 8, 'subsample': 0.5346488863188452, 'colsample_bytree': 0.9380175123635653, 'min_child_weight': 19}. Best is trial 178 with value: 0.6163095238095238.
Trial 244 finished with value: 0.6114285714285714 and parameters: {'learning_rate': 0.03286459293324888, 'max_depth': 8, 'subsample': 0.5269552210132371, 'colsample_bytree': 0.942923018955334, 'min_child_weight': 18}. Best is trial 178 with value: 0.6163095238095238.
