Trial 488 finished with value: 0.5963095238095237 and parameters: {'learning_rate': 0.011594695936385001, 'max_depth': 8, 'subsample': 0.5678221291447582, 'colsample_bytree': 0.9381180054252363, 'min_child_weight': 20}. Best is trial 347 with value: 0.6189285714285715.
Trial 489 finished with value: 0.604047619047619 and parameters: {'learning_rate': 0.04203472659990627, 'max_depth': 9, 'subsample': 0.5194971476879727, 'colsample_bytree': 0.7230292163681472, 'min_child_weight': 19}. Best is trial 347 with value: 0.6189285714285715.
Trial 490 finished with value: 0.554047619047619 and parameters: {'learning_rate': 0.0014901767750888958, 'max_depth': 8, 'subsample': 0.38603839896593717, 'colsample_bytree': 0.4911591002228231, 'min_child_weight': 18}. Best is trial 347 with value: 0.6189285714285715.
Trial 491 finished with value: 0.5659523809523809 and parameters: {'learning_rate': 0.007722149081999409, 'max_depth': 7, 'subsample': 0.30677221985720815, 'colsample_bytree': 0.413440183279681, 'min_child_weight': 17}. Best is trial 347 with value: 0.6189285714285715.
Trial 492 finished with value: 0.5939285714285714 and parameters: {'learning_rate': 0.02867072503693421, 'max_depth': 4, 'subsample': 0.46305116460173723, 'colsample_bytree': 0.9727180032053345, 'min_child_weight': 18}. Best is trial 347 with value: 0.6189285714285715.
Trial 493 finished with value: 0.601547619047619 and parameters: {'learning_rate': 0.03456117370491168, 'max_depth': 6, 'subsample': 0.5511910364427222, 'colsample_bytree': 0.8976249091732815, 'min_child_weight': 19}. Best is trial 347 with value: 0.6189285714285715.
Trial 494 finished with value: 0.6065476190476191 and parameters: {'learning_rate': 0.0807846504938675, 'max_depth': 2, 'subsample': 0.5962311183240679, 'colsample_bytree': 0.5372912340734759, 'min_child_weight': 19}. Best is trial 347 with value: 0.6189285714285715.
Trial 495 finished with value: 0.5939285714285714 and parameters: {'learning_rate': 0.0025948457895624234, 'max_depth': 8, 'subsample': 0.807730998148222, 'colsample_bytree': 0.7765421484370061, 'min_child_weight': 19}. Best is trial 347 with value: 0.6189285714285715.
Trial 496 finished with value: 0.4958333333333334 and parameters: {'learning_rate': 0.03165559784466149, 'max_depth': 10, 'subsample': 0.1790605160651575, 'colsample_bytree': 0.8528306676873395, 'min_child_weight': 20}. Best is trial 347 with value: 0.6189285714285715.
Trial 497 finished with value: 0.5990476190476189 and parameters: {'learning_rate': 0.06797970337307199, 'max_depth': 9, 'subsample': 0.53050970947075, 'colsample_bytree': 0.7529726597695732, 'min_child_weight': 18}. Best is trial 347 with value: 0.6189285714285715.
Trial 498 finished with value: 0.6041666666666666 and parameters: {'learning_rate': 0.0377589359987115, 'max_depth': 8, 'subsample': 0.4985393996216103, 'colsample_bytree': 0.9996224005922894, 'min_child_weight': 17}. Best is trial 347 with value: 0.6189285714285715.
Trial 499 finished with value: 0.6088095238095239 and parameters: {'learning_rate': 0.024332822239306814, 'max_depth': 8, 'subsample': 0.5762051899885281, 'colsample_bytree': 0.9241596958985749, 'min_child_weight': 19}. Best is trial 347 with value: 0.6189285714285715.
