Trial 152 finished with value: 0.6530120481927711 and parameters: {'n_estimators': 89, 'learning_rate': 0.07680666697594371, 'max_depth': 2, 'subsample': 0.8635407072330933, 'colsample_bytree': 0.9069957509615654, 'min_child_weight': 1}. Best is trial 111 with value: 0.6675286511901264.
Trial 153 finished with value: 0.6553335292389069 and parameters: {'n_estimators': 94, 'learning_rate': 0.1084333364509674, 'max_depth': 2, 'subsample': 0.8041066648996549, 'colsample_bytree': 0.9593135082898734, 'min_child_weight': 1}. Best is trial 111 with value: 0.6675286511901264.
Trial 154 finished with value: 0.6577725536291508 and parameters: {'n_estimators': 82, 'learning_rate': 0.09700261820855068, 'max_depth': 2, 'subsample': 0.7826535868136199, 'colsample_bytree': 0.9421662254714276, 'min_child_weight': 1}. Best is trial 111 with value: 0.6675286511901264.
Trial 155 finished with value: 0.6601821921833677 and parameters: {'n_estimators': 121, 'learning_rate': 0.11644678316630319, 'max_depth': 2, 'subsample': 0.8260381575743589, 'colsample_bytree': 0.8896918687106379, 'min_child_weight': 1}. Best is trial 111 with value: 0.6675286511901264.
Trial 156 finished with value: 0.5872759330002939 and parameters: {'n_estimators': 120, 'learning_rate': 0.11586014386440788, 'max_depth': 2, 'subsample': 0.8441745455885914, 'colsample_bytree': 0.9775233786940334, 'min_child_weight': 9}. Best is trial 111 with value: 0.6675286511901264.
Trial 157 finished with value: 0.6553335292389069 and parameters: {'n_estimators': 115, 'learning_rate': 0.11093076416433184, 'max_depth': 2, 'subsample': 0.8225848822441381, 'colsample_bytree': 0.920561942975136, 'min_child_weight': 1}. Best is trial 111 with value: 0.6675286511901264.
Trial 158 finished with value: 0.6042903320599471 and parameters: {'n_estimators': 108, 'learning_rate': 0.11689218555735469, 'max_depth': 2, 'subsample': 0.8045732768792748, 'colsample_bytree': 0.9011024720353649, 'min_child_weight': 4}. Best is trial 111 with value: 0.6675286511901264.
Trial 159 finished with value: 0.6334704672347928 and parameters: {'n_estimators': 128, 'learning_rate': 0.09854398939547387, 'max_depth': 3, 'subsample': 0.7814568646996083, 'colsample_bytree': 0.9481293673785023, 'min_child_weight': 1}. Best is trial 111 with value: 0.6675286511901264.
Trial 160 finished with value: 0.6651190126359096 and parameters: {'n_estimators': 121, 'learning_rate': 0.09436441791633136, 'max_depth': 2, 'subsample': 0.8505736794275691, 'colsample_bytree': 0.985681863913273, 'min_child_weight': 1}. Best is trial 111 with value: 0.6675286511901264.
Trial 161 finished with value: 0.6482221569203644 and parameters: {'n_estimators': 122, 'learning_rate': 0.09227933343275478, 'max_depth': 2, 'subsample': 0.8645178573670835, 'colsample_bytree': 0.9851223465156307, 'min_child_weight': 1}. Best is trial 111 with value: 0.6675286511901264.
Trial 162 finished with value: 0.6529532765207171 and parameters: {'n_estimators': 113, 'learning_rate': 0.10266121418083611, 'max_depth': 2, 'subsample': 0.8237641748115236, 'colsample_bytree': 0.9663135858341023, 'min_child_weight': 1}. Best is trial 111 with value: 0.6675286511901264.
Trial 163 finished with value: 0.6553629150749339 and parameters: {'n_estimators': 253, 'learning_rate': 0.07677317430365946, 'max_depth': 2, 'subsample': 0.839153124761753, 'colsample_bytree': 0.9315234305269411, 'min_child_weight': 1}. Best is trial 111 with value: 0.6675286511901264.
Trial 164 finished with value: 0.650455480458419 and parameters: {'n_estimators': 120, 'learning_rate': 0.0943797904258271, 'max_depth': 2, 'subsample': 0.7991283205256802, 'colsample_bytree': 0.9995104511407384, 'min_child_weight': 1}. Best is trial 111 with value: 0.6675286511901264.
Trial 165 finished with value: 0.6626212165736116 and parameters: {'n_estimators': 105, 'learning_rate': 0.10836133242972401, 'max_depth': 2, 'subsample': 0.8518203665570544, 'colsample_bytree': 0.6141305482144788, 'min_child_weight': 1}. Best is trial 111 with value: 0.6675286511901264.
Trial 166 finished with value: 0.6163679106670585 and parameters: {'n_estimators': 105, 'learning_rate': 0.10069760519474316, 'max_depth': 2, 'subsample': 0.8500422277904051, 'colsample_bytree': 0.4714823159676067, 'min_child_weight': 7}. Best is trial 111 with value: 0.6675286511901264.
Trial 167 finished with value: 0.6505436379665002 and parameters: {'n_estimators': 110, 'learning_rate': 0.10831410144116271, 'max_depth': 2, 'subsample': 0.8759803169648858, 'colsample_bytree': 0.8421311426829116, 'min_child_weight': 1}. Best is trial 111 with value: 0.6675286511901264.
Trial 168 finished with value: 0.6505142521304731 and parameters: {'n_estimators': 102, 'learning_rate': 0.0883033811994674, 'max_depth': 2, 'subsample': 0.8538121930776266, 'colsample_bytree': 0.5587523720984044, 'min_child_weight': 1}. Best is trial 111 with value: 0.6675286511901264.
Trial 169 finished with value: 0.63111960035263 and parameters: {'n_estimators': 95, 'learning_rate': 0.11157821764575593, 'max_depth': 2, 'subsample': 0.8358714449030993, 'colsample_bytree': 0.6927571168411674, 'min_child_weight': 2}. Best is trial 111 with value: 0.6675286511901264.
Trial 170 finished with value: 0.65292389068469 and parameters: {'n_estimators': 115, 'learning_rate': 0.09576317868729861, 'max_depth': 2, 'subsample': 0.8687385570133103, 'colsample_bytree': 0.6792293495008715, 'min_child_weight': 1}. Best is trial 111 with value: 0.6675286511901264.
Trial 171 finished with value: 0.6481633852483103 and parameters: {'n_estimators': 109, 'learning_rate': 0.10185935796754801, 'max_depth': 2, 'subsample': 0.8201393323385061, 'colsample_bytree': 0.9197973020192735, 'min_child_weight': 1}. Best is trial 111 with value: 0.6675286511901264.
Trial 172 finished with value: 0.6529238906846899 and parameters: {'n_estimators': 126, 'learning_rate': 0.10589270971906717, 'max_depth': 2, 'subsample': 0.7945929172385993, 'colsample_bytree': 0.9499152640386878, 'min_child_weight': 1}. Best is trial 111 with value: 0.6675286511901264.
Trial 173 finished with value: 0.6504848662944461 and parameters: {'n_estimators': 117, 'learning_rate': 0.11567961172014923, 'max_depth': 2, 'subsample': 0.8143710300055483, 'colsample_bytree': 0.9667407323544913, 'min_child_weight': 1}. Best is trial 111 with value: 0.6675286511901264.
Trial 174 finished with value: 0.6505142521304732 and parameters: {'n_estimators': 90, 'learning_rate': 0.09101324850399556, 'max_depth': 2, 'subsample': 0.7719872352054278, 'colsample_bytree': 0.6650898110991982, 'min_child_weight': 1}. Best is trial 111 with value: 0.6675286511901264.
Trial 175 finished with value: 0.6114310902145166 and parameters: {'n_estimators': 105, 'learning_rate': 0.1195930974459957, 'max_depth': 2, 'subsample': 0.8296720578159013, 'colsample_bytree': 0.7345787645473486, 'min_child_weight': 8}. Best is trial 111 with value: 0.6675286511901264.
Trial 176 finished with value: 0.6529826623567441 and parameters: {'n_estimators': 121, 'learning_rate': 0.11174638212774704, 'max_depth': 3, 'subsample': 0.8499888084368592, 'colsample_bytree': 0.8866111449753862, 'min_child_weight': 1}. Best is trial 111 with value: 0.6675286511901264.
Trial 177 finished with value: 0.6456949750220394 and parameters: {'n_estimators': 129, 'learning_rate': 0.09882908271649495, 'max_depth': 2, 'subsample': 0.8998117964250751, 'colsample_bytree': 0.9338319089386236, 'min_child_weight': 1}. Best is trial 111 with value: 0.6675286511901264.
Trial 178 finished with value: 0.6456949750220394 and parameters: {'n_estimators': 100, 'learning_rate': 0.10683393970226361, 'max_depth': 2, 'subsample': 0.9488000460209296, 'colsample_bytree': 0.9794092844479524, 'min_child_weight': 1}. Best is trial 111 with value: 0.6675286511901264.
Trial 179 finished with value: 0.6505436379665002 and parameters: {'n_estimators': 111, 'learning_rate': 0.08584018284353837, 'max_depth': 2, 'subsample': 0.8015285325679834, 'colsample_bytree': 0.6306794130036645, 'min_child_weight': 1}. Best is trial 111 with value: 0.6675286511901264.
Trial 180 finished with value: 0.6432559506317956 and parameters: {'n_estimators': 98, 'learning_rate': 0.08248949798609914, 'max_depth': 2, 'subsample': 0.8771110580753165, 'colsample_bytree': 0.6503093720004182, 'min_child_weight': 1}. Best is trial 111 with value: 0.6675286511901264.
Trial 181 finished with value: 0.6480752277402293 and parameters: {'n_estimators': 102, 'learning_rate': 0.10277491277813884, 'max_depth': 2, 'subsample': 0.8402722338802042, 'colsample_bytree': 0.859303462569869, 'min_child_weight': 1}. Best is trial 111 with value: 0.6675286511901264.
Trial 182 finished with value: 0.6505436379665002 and parameters: {'n_estimators': 115, 'learning_rate': 0.10443321735112443, 'max_depth': 2, 'subsample': 0.8620406127746857, 'colsample_bytree': 0.6057767270687536, 'min_child_weight': 1}. Best is trial 111 with value: 0.6675286511901264.
Trial 183 finished with value: 0.6505436379665002 and parameters: {'n_estimators': 109, 'learning_rate': 0.10943459581246665, 'max_depth': 2, 'subsample': 0.8912496427407507, 'colsample_bytree': 0.9004335961625098, 'min_child_weight': 1}. Best is trial 111 with value: 0.6675286511901264.
Trial 184 finished with value: 0.6578019394651778 and parameters: {'n_estimators': 92, 'learning_rate': 0.09517602529108386, 'max_depth': 2, 'subsample': 0.8212009633090037, 'colsample_bytree': 0.8881449761047582, 'min_child_weight': 1}. Best is trial 111 with value: 0.6675286511901264.
Trial 185 finished with value: 0.6432559506317955 and parameters: {'n_estimators': 99, 'learning_rate': 0.1135898772455309, 'max_depth': 2, 'subsample': 0.9115455997075781, 'colsample_bytree': 0.9223278755318275, 'min_child_weight': 1}. Best is trial 111 with value: 0.6675286511901264.
Trial 186 finished with value: 0.636056420805172 and parameters: {'n_estimators': 85, 'learning_rate': 0.08906628113419815, 'max_depth': 2, 'subsample': 0.8814450350329464, 'colsample_bytree': 0.9476104897808878, 'min_child_weight': 1}. Best is trial 111 with value: 0.6675286511901264.
Trial 187 finished with value: 0.6456949750220395 and parameters: {'n_estimators': 106, 'learning_rate': 0.06927785572852806, 'max_depth': 2, 'subsample': 0.8458405189318278, 'colsample_bytree': 0.8218141766707184, 'min_child_weight': 1}. Best is trial 111 with value: 0.6675286511901264.
Trial 188 finished with value: 0.6577431677931238 and parameters: {'n_estimators': 121, 'learning_rate': 0.1221323705823489, 'max_depth': 2, 'subsample': 0.7892950335103343, 'colsample_bytree': 0.8786584886439383, 'min_child_weight': 1}. Best is trial 111 with value: 0.6675286511901264.
Trial 189 finished with value: 0.6505436379665002 and parameters: {'n_estimators': 112, 'learning_rate': 0.09898755961065332, 'max_depth': 2, 'subsample': 0.8144862506928179, 'colsample_bytree': 0.9159481589659422, 'min_child_weight': 1}. Best is trial 111 with value: 0.6675286511901264.
Trial 190 finished with value: 0.628592418454305 and parameters: {'n_estimators': 95, 'learning_rate': 0.10460311398177236, 'max_depth': 3, 'subsample': 0.981616620262145, 'colsample_bytree': 0.9607048179719327, 'min_child_weight': 2}. Best is trial 111 with value: 0.6675286511901264.
Trial 191 finished with value: 0.6650602409638554 and parameters: {'n_estimators': 100, 'learning_rate': 0.0862646755880218, 'max_depth': 2, 'subsample': 0.8091451958206666, 'colsample_bytree': 0.9109963230443018, 'min_child_weight': 1}. Best is trial 111 with value: 0.6675286511901264.
Trial 192 finished with value: 0.6602703496914486 and parameters: {'n_estimators': 103, 'learning_rate': 0.08421939925318794, 'max_depth': 2, 'subsample': 0.8300271562397823, 'colsample_bytree': 0.9056288201415799, 'min_child_weight': 1}. Best is trial 111 with value: 0.6675286511901264.
Trial 193 finished with value: 0.6626506024096386 and parameters: {'n_estimators': 106, 'learning_rate': 0.08190948478259169, 'max_depth': 2, 'subsample': 0.829972738066677, 'colsample_bytree': 0.9366602854732814, 'min_child_weight': 1}. Best is trial 111 with value: 0.6675286511901264.
Trial 194 finished with value: 0.6578019394651778 and parameters: {'n_estimators': 105, 'learning_rate': 0.08317389352809973, 'max_depth': 2, 'subsample': 0.8339409849954559, 'colsample_bytree': 0.7207515722065466, 'min_child_weight': 1}. Best is trial 111 with value: 0.6675286511901264.
Trial 195 finished with value: 0.6626212165736116 and parameters: {'n_estimators': 101, 'learning_rate': 0.0818643037306027, 'max_depth': 2, 'subsample': 0.8029521523307626, 'colsample_bytree': 0.9070229959246887, 'min_child_weight': 1}. Best is trial 111 with value: 0.6675286511901264.
Trial 196 finished with value: 0.655421686746988 and parameters: {'n_estimators': 101, 'learning_rate': 0.07946720280991691, 'max_depth': 2, 'subsample': 0.8573342735792744, 'colsample_bytree': 0.9027092852986701, 'min_child_weight': 1}. Best is trial 111 with value: 0.6675286511901264.
Trial 197 finished with value: 0.6481046135762563 and parameters: {'n_estimators': 109, 'learning_rate': 0.08535924117320756, 'max_depth': 2, 'subsample': 0.7710158654975445, 'colsample_bytree': 0.9382168669149863, 'min_child_weight': 1}. Best is trial 111 with value: 0.6675286511901264.
Trial 198 finished with value: 0.6626506024096386 and parameters: {'n_estimators': 116, 'learning_rate': 0.08048466248280323, 'max_depth': 2, 'subsample': 0.8256266061131351, 'colsample_bytree': 0.9681696144107972, 'min_child_weight': 1}. Best is trial 111 with value: 0.6675286511901264.
Trial 199 finished with value: 0.653012048192771 and parameters: {'n_estimators': 116, 'learning_rate': 0.07898818322993995, 'max_depth': 2, 'subsample': 0.8335240446409093, 'colsample_bytree': 0.984272319425903, 'min_child_weight': 1}. Best is trial 111 with value: 0.6675286511901264.
Trial 200 finished with value: 0.6650896267998825 and parameters: {'n_estimators': 115, 'learning_rate': 0.08254290973718774, 'max_depth': 2, 'subsample': 0.8550313657079923, 'colsample_bytree': 0.9633645640582849, 'min_child_weight': 1}. Best is trial 111 with value: 0.6675286511901264.
Trial 201 finished with value: 0.6506317954745813 and parameters: {'n_estimators': 113, 'learning_rate': 0.0819880280197613, 'max_depth': 2, 'subsample': 0.8617237600882963, 'colsample_bytree': 0.9673379458924006, 'min_child_weight': 1}. Best is trial 111 with value: 0.6675286511901264.
Trial 202 finished with value: 0.655362915074934 and parameters: {'n_estimators': 117, 'learning_rate': 0.08695402521737473, 'max_depth': 2, 'subsample': 0.8448405451762442, 'colsample_bytree': 0.7568567907266724, 'min_child_weight': 1}. Best is trial 111 with value: 0.6675286511901264.
Trial 203 finished with value: 0.6505436379665002 and parameters: {'n_estimators': 107, 'learning_rate': 0.08153015962687173, 'max_depth': 2, 'subsample': 0.8219771656592227, 'colsample_bytree': 0.9524467872070518, 'min_child_weight': 1}. Best is trial 111 with value: 0.6675286511901264.
Trial 204 finished with value: 0.6481046135762563 and parameters: {'n_estimators': 111, 'learning_rate': 0.08988196423608434, 'max_depth': 2, 'subsample': 0.8086132304108182, 'colsample_bytree': 0.9223194452006811, 'min_child_weight': 1}. Best is trial 111 with value: 0.6675286511901264.
Trial 205 finished with value: 0.657801939465178 and parameters: {'n_estimators': 124, 'learning_rate': 0.08463665369875961, 'max_depth': 2, 'subsample': 0.8306044413925653, 'colsample_bytree': 0.97406377318954, 'min_child_weight': 1}. Best is trial 111 with value: 0.6675286511901264.
Trial 206 finished with value: 0.6506024096385541 and parameters: {'n_estimators': 117, 'learning_rate': 0.07392970083339975, 'max_depth': 2, 'subsample': 0.8685791012776041, 'colsample_bytree': 0.9003975673992953, 'min_child_weight': 1}. Best is trial 111 with value: 0.6675286511901264.
Trial 207 finished with value: 0.6286218042903322 and parameters: {'n_estimators': 106, 'learning_rate': 0.07886011075105577, 'max_depth': 2, 'subsample': 0.5201193794340616, 'colsample_bytree': 0.9315471624106556, 'min_child_weight': 1}. Best is trial 111 with value: 0.6675286511901264.
Trial 208 finished with value: 0.6505730238025272 and parameters: {'n_estimators': 104, 'learning_rate': 0.09158457116070964, 'max_depth': 2, 'subsample': 0.8490270109275415, 'colsample_bytree': 0.7135280102474896, 'min_child_weight': 1}. Best is trial 111 with value: 0.6675286511901264.
Trial 209 finished with value: 0.6699382897443433 and parameters: {'n_estimators': 112, 'learning_rate': 0.08285824699612526, 'max_depth': 2, 'subsample': 0.7838624971273734, 'colsample_bytree': 0.9578728656265317, 'min_child_weight': 1}. Best is trial 209 with value: 0.6699382897443433.
Trial 210 finished with value: 0.6577725536291508 and parameters: {'n_estimators': 112, 'learning_rate': 0.08263989349747636, 'max_depth': 2, 'subsample': 0.7894756318691095, 'colsample_bytree': 0.9990693166206339, 'min_child_weight': 1}. Best is trial 209 with value: 0.6699382897443433.
Trial 211 finished with value: 0.6553923009109609 and parameters: {'n_estimators': 119, 'learning_rate': 0.08836731890810044, 'max_depth': 2, 'subsample': 0.8141840277642854, 'colsample_bytree': 0.5219531950560502, 'min_child_weight': 1}. Best is trial 209 with value: 0.6699382897443433.
Trial 212 finished with value: 0.6238025271818983 and parameters: {'n_estimators': 110, 'learning_rate': 0.08032350982275294, 'max_depth': 2, 'subsample': 0.5800855860097585, 'colsample_bytree': 0.9606202520691295, 'min_child_weight': 1}. Best is trial 209 with value: 0.6699382897443433.
Trial 213 finished with value: 0.6602409638554219 and parameters: {'n_estimators': 115, 'learning_rate': 0.08487742127121764, 'max_depth': 2, 'subsample': 0.8314947584804167, 'colsample_bytree': 0.9518852431409688, 'min_child_weight': 1}. Best is trial 209 with value: 0.6699382897443433.
Trial 214 finished with value: 0.6723773141345871 and parameters: {'n_estimators': 214, 'learning_rate': 0.08413767421235069, 'max_depth': 2, 'subsample': 0.8509639676276632, 'colsample_bytree': 0.9536060098203626, 'min_child_weight': 1}. Best is trial 214 with value: 0.6723773141345871.
Trial 215 finished with value: 0.6651483984719364 and parameters: {'n_estimators': 114, 'learning_rate': 0.08374069378282253, 'max_depth': 2, 'subsample': 0.846014106858633, 'colsample_bytree': 0.9799417398859681, 'min_child_weight': 1}. Best is trial 214 with value: 0.6723773141345871.
Trial 216 finished with value: 0.655392300910961 and parameters: {'n_estimators': 239, 'learning_rate': 0.07813472540447411, 'max_depth': 2, 'subsample': 0.8632231798294178, 'colsample_bytree': 0.985632038343163, 'min_child_weight': 1}. Best is trial 214 with value: 0.6723773141345871.
Trial 217 finished with value: 0.6529532765207171 and parameters: {'n_estimators': 222, 'learning_rate': 0.085047841806021, 'max_depth': 2, 'subsample': 0.8445139578234425, 'colsample_bytree': 0.9688137834847729, 'min_child_weight': 1}. Best is trial 214 with value: 0.6723773141345871.
Trial 218 finished with value: 0.6384366735233618 and parameters: {'n_estimators': 208, 'learning_rate': 0.08157160955703263, 'max_depth': 2, 'subsample': 0.8787259224082015, 'colsample_bytree': 0.9528151395154026, 'min_child_weight': 2}. Best is trial 214 with value: 0.6723773141345871.
Trial 219 finished with value: 0.6578607111372318 and parameters: {'n_estimators': 115, 'learning_rate': 0.07493424068271846, 'max_depth': 2, 'subsample': 0.8515999546516213, 'colsample_bytree': 0.9812651654109216, 'min_child_weight': 1}. Best is trial 214 with value: 0.6723773141345871.
Trial 220 finished with value: 0.6578607111372318 and parameters: {'n_estimators': 226, 'learning_rate': 0.08339947634291305, 'max_depth': 2, 'subsample': 0.8070479715374987, 'colsample_bytree': 0.3671870562801618, 'min_child_weight': 1}. Best is trial 214 with value: 0.6723773141345871.
Trial 221 finished with value: 0.655421686746988 and parameters: {'n_estimators': 114, 'learning_rate': 0.07884723153644073, 'max_depth': 2, 'subsample': 0.8352753338502085, 'colsample_bytree': 0.9563679647479502, 'min_child_weight': 1}. Best is trial 214 with value: 0.6723773141345871.
Trial 222 finished with value: 0.6530120481927713 and parameters: {'n_estimators': 108, 'learning_rate': 0.08538684172138952, 'max_depth': 2, 'subsample': 0.8368665418656087, 'colsample_bytree': 0.7773839107376597, 'min_child_weight': 1}. Best is trial 214 with value: 0.6723773141345871.
Trial 223 finished with value: 0.6529826623567441 and parameters: {'n_estimators': 104, 'learning_rate': 0.0921573082216631, 'max_depth': 2, 'subsample': 0.8566689109337777, 'colsample_bytree': 0.7968091666190634, 'min_child_weight': 1}. Best is trial 214 with value: 0.6723773141345871.
Trial 224 finished with value: 0.6577725536291508 and parameters: {'n_estimators': 111, 'learning_rate': 0.08801247064069237, 'max_depth': 2, 'subsample': 0.8005741699501753, 'colsample_bytree': 0.9370359563958212, 'min_child_weight': 1}. Best is trial 214 with value: 0.6723773141345871.
Trial 225 finished with value: 0.6480458419042022 and parameters: {'n_estimators': 116, 'learning_rate': 0.08222624635839386, 'max_depth': 2, 'subsample': 0.8709828884201553, 'colsample_bytree': 0.9670729942052674, 'min_child_weight': 1}. Best is trial 214 with value: 0.6723773141345871.
Trial 226 finished with value: 0.6456949750220394 and parameters: {'n_estimators': 123, 'learning_rate': 0.09391776723829337, 'max_depth': 2, 'subsample': 0.8307861313552942, 'colsample_bytree': 0.916874789034813, 'min_child_weight': 1}. Best is trial 214 with value: 0.6723773141345871.
Trial 227 finished with value: 0.6601528063473406 and parameters: {'n_estimators': 199, 'learning_rate': 0.07660634963818418, 'max_depth': 2, 'subsample': 0.8177147950534438, 'colsample_bytree': 0.9862480184747476, 'min_child_weight': 1}. Best is trial 214 with value: 0.6723773141345871.
