Trial 407 finished with value: 0.5619047619047619 and parameters: {'learning_rate': 0.08194723470898939, 'max_depth': 8, 'subsample': 0.25778717182789584, 'colsample_bytree': 0.96365552848218, 'min_child_weight': 19}. Best is trial 347 with value: 0.6189285714285715.
Trial 408 finished with value: 0.5842857142857143 and parameters: {'learning_rate': 0.06758697017063808, 'max_depth': 6, 'subsample': 0.3368439041624396, 'colsample_bytree': 0.9477922837207641, 'min_child_weight': 19}. Best is trial 347 with value: 0.6189285714285715.
Trial 409 finished with value: 0.5964285714285714 and parameters: {'learning_rate': 0.054971874295371585, 'max_depth': 8, 'subsample': 0.5727078336274438, 'colsample_bytree': 0.6360512610926387, 'min_child_weight': 20}. Best is trial 347 with value: 0.6189285714285715.
Trial 410 finished with value: 0.5964285714285714 and parameters: {'learning_rate': 0.04973552978474241, 'max_depth': 8, 'subsample': 0.6022591892266458, 'colsample_bytree': 0.9800525550739189, 'min_child_weight': 19}. Best is trial 347 with value: 0.6189285714285715.
Trial 411 finished with value: 0.44107142857142856 and parameters: {'learning_rate': 0.0591306950118842, 'max_depth': 9, 'subsample': 0.10152860526257396, 'colsample_bytree': 0.9597514280201337, 'min_child_weight': 19}. Best is trial 347 with value: 0.6189285714285715.
Trial 412 finished with value: 0.5910714285714286 and parameters: {'learning_rate': 0.0033102294357966145, 'max_depth': 8, 'subsample': 0.530142967160292, 'colsample_bytree': 0.936820360669492, 'min_child_weight': 16}. Best is trial 347 with value: 0.6189285714285715.
Trial 413 finished with value: 0.596547619047619 and parameters: {'learning_rate': 0.06874898547396353, 'max_depth': 1, 'subsample': 0.5148999371212548, 'colsample_bytree': 0.899364583397837, 'min_child_weight': 20}. Best is trial 347 with value: 0.6189285714285715.
Trial 414 finished with value: 0.5891666666666667 and parameters: {'learning_rate': 0.0942693443207257, 'max_depth': 9, 'subsample': 0.5478390604270443, 'colsample_bytree': 0.9792739660998231, 'min_child_weight': 18}. Best is trial 347 with value: 0.6189285714285715.
Trial 415 finished with value: 0.5795238095238096 and parameters: {'learning_rate': 0.03713332905623905, 'max_depth': 8, 'subsample': 0.7035308758510701, 'colsample_bytree': 0.9197976685128088, 'min_child_weight': 19}. Best is trial 347 with value: 0.6189285714285715.
Trial 416 finished with value: 0.6040476190476189 and parameters: {'learning_rate': 0.04344973711415642, 'max_depth': 5, 'subsample': 0.5847036906502329, 'colsample_bytree': 0.7082107400695236, 'min_child_weight': 18}. Best is trial 347 with value: 0.6189285714285715.
Trial 417 finished with value: 0.5941666666666667 and parameters: {'learning_rate': 0.06276544724971518, 'max_depth': 8, 'subsample': 0.6301664263609301, 'colsample_bytree': 0.5162432840707715, 'min_child_weight': 20}. Best is trial 347 with value: 0.6189285714285715.
Trial 418 finished with value: 0.5152380952380953 and parameters: {'learning_rate': 0.013030123361337223, 'max_depth': 8, 'subsample': 0.23308287622709373, 'colsample_bytree': 0.4338795598790302, 'min_child_weight': 19}. Best is trial 347 with value: 0.6189285714285715.
Trial 419 finished with value: 0.5944047619047619 and parameters: {'learning_rate': 0.03304173910782645, 'max_depth': 6, 'subsample': 0.6642292423082484, 'colsample_bytree': 0.6867292032225428, 'min_child_weight': 19}. Best is trial 347 with value: 0.6189285714285715.
Trial 420 finished with value: 0.5990476190476192 and parameters: {'learning_rate': 0.07243542209993163, 'max_depth': 8, 'subsample': 0.5043030039618902, 'colsample_bytree': 0.9572493314295648, 'min_child_weight': 18}. Best is trial 347 with value: 0.6189285714285715.
Trial 421 finished with value: 0.5740476190476189 and parameters: {'learning_rate': 0.006146745496820039, 'max_depth': 7, 'subsample': 0.43679262091617976, 'colsample_bytree': 0.448800771820778, 'min_child_weight': 20}. Best is trial 347 with value: 0.6189285714285715.
Trial 422 finished with value: 0.594047619047619 and parameters: {'learning_rate': 0.03796842588228653, 'max_depth': 8, 'subsample': 0.5383638558236967, 'colsample_bytree': 0.6065966587644628, 'min_child_weight': 17}. Best is trial 347 with value: 0.6189285714285715.
Trial 423 finished with value: 0.5988095238095238 and parameters: {'learning_rate': 0.009890485484894553, 'max_depth': 9, 'subsample': 0.5625357156682067, 'colsample_bytree': 0.8760166919517434, 'min_child_weight': 18}. Best is trial 347 with value: 0.6189285714285715.
Trial 424 finished with value: 0.6014285714285715 and parameters: {'learning_rate': 0.024346456159550944, 'max_depth': 8, 'subsample': 0.5241132638745883, 'colsample_bytree': 0.9976444839434772, 'min_child_weight': 19}. Best is trial 347 with value: 0.6189285714285715.
Trial 425 finished with value: 0.5966666666666666 and parameters: {'learning_rate': 0.04732616353330439, 'max_depth': 9, 'subsample': 0.39966937220791193, 'colsample_bytree': 0.932411030064097, 'min_child_weight': 19}. Best is trial 347 with value: 0.6189285714285715.
Trial 426 finished with value: 0.6014285714285714 and parameters: {'learning_rate': 0.034338097231258094, 'max_depth': 8, 'subsample': 0.4869619010455718, 'colsample_bytree': 0.8933491868593918, 'min_child_weight': 18}. Best is trial 347 with value: 0.6189285714285715.
Trial 427 finished with value: 0.5988095238095237 and parameters: {'learning_rate': 0.02791497997362492, 'max_depth': 8, 'subsample': 0.46030817446434213, 'colsample_bytree': 0.742866542440839, 'min_child_weight': 20}. Best is trial 347 with value: 0.6189285714285715.
Trial 428 finished with value: 0.5967857142857144 and parameters: {'learning_rate': 0.08113112233920433, 'max_depth': 4, 'subsample': 0.5498415868068066, 'colsample_bytree': 0.9692885353940852, 'min_child_weight': 19}. Best is trial 347 with value: 0.6189285714285715.
Trial 429 finished with value: 0.6060714285714286 and parameters: {'learning_rate': 0.0405039538651295, 'max_depth': 7, 'subsample': 0.2883169961452709, 'colsample_bytree': 0.9447563747488142, 'min_child_weight': 17}. Best is trial 347 with value: 0.6189285714285715.
Trial 430 finished with value: 0.5891666666666666 and parameters: {'learning_rate': 0.054543464708019705, 'max_depth': 8, 'subsample': 0.5113842584805919, 'colsample_bytree': 0.9079994388777756, 'min_child_weight': 13}. Best is trial 347 with value: 0.6189285714285715.
Trial 431 finished with value: 0.6085714285714285 and parameters: {'learning_rate': 0.021278171915189537, 'max_depth': 8, 'subsample': 0.3627109593169884, 'colsample_bytree': 0.8031754820775765, 'min_child_weight': 18}. Best is trial 347 with value: 0.6189285714285715.
Trial 432 finished with value: 0.6039285714285715 and parameters: {'learning_rate': 0.032122882995454696, 'max_depth': 6, 'subsample': 0.6084067335604758, 'colsample_bytree': 0.7707496337492543, 'min_child_weight': 19}. Best is trial 347 with value: 0.6189285714285715.
Trial 433 finished with value: 0.6064285714285713 and parameters: {'learning_rate': 0.018855619880928154, 'max_depth': 9, 'subsample': 0.577582904052785, 'colsample_bytree': 0.5791590254132664, 'min_child_weight': 18}. Best is trial 347 with value: 0.6189285714285715.
Trial 434 finished with value: 0.599047619047619 and parameters: {'learning_rate': 0.06526812328305194, 'max_depth': 8, 'subsample': 0.5310409109929186, 'colsample_bytree': 0.6637155030336893, 'min_child_weight': 19}. Best is trial 347 with value: 0.6189285714285715.
Trial 435 finished with value: 0.6013095238095238 and parameters: {'learning_rate': 0.036002594627135336, 'max_depth': 8, 'subsample': 0.561661665978985, 'colsample_bytree': 0.8739217900557076, 'min_child_weight': 20}. Best is trial 347 with value: 0.6189285714285715.
Trial 436 finished with value: 0.5636904761904762 and parameters: {'learning_rate': 0.009303986684991898, 'max_depth': 10, 'subsample': 0.3043264412950648, 'colsample_bytree': 0.9845176998160653, 'min_child_weight': 19}. Best is trial 347 with value: 0.6189285714285715.
Trial 437 finished with value: 0.5916666666666666 and parameters: {'learning_rate': 0.029750162823337457, 'max_depth': 7, 'subsample': 0.4121768000078829, 'colsample_bytree': 0.9238778138939552, 'min_child_weight': 18}. Best is trial 347 with value: 0.6189285714285715.
Trial 438 finished with value: 0.5988095238095237 and parameters: {'learning_rate': 0.042119553190581104, 'max_depth': 9, 'subsample': 0.49574335539517084, 'colsample_bytree': 0.9654026919848637, 'min_child_weight': 19}. Best is trial 347 with value: 0.6189285714285715.
Trial 439 finished with value: 0.4709523809523809 and parameters: {'learning_rate': 0.05104833824333833, 'max_depth': 8, 'subsample': 0.14994521733273247, 'colsample_bytree': 0.8412071613901566, 'min_child_weight': 18}. Best is trial 347 with value: 0.6189285714285715.
Trial 440 finished with value: 0.6065476190476191 and parameters: {'learning_rate': 0.03202428629625192, 'max_depth': 8, 'subsample': 0.539435033214624, 'colsample_bytree': 0.9507868214021669, 'min_child_weight': 20}. Best is trial 347 with value: 0.6189285714285715.
Trial 441 finished with value: 0.604047619047619 and parameters: {'learning_rate': 0.027409194772840175, 'max_depth': 8, 'subsample': 0.5187986286941434, 'colsample_bytree': 0.8892577737358135, 'min_child_weight': 17}. Best is trial 347 with value: 0.6189285714285715.
Trial 442 finished with value: 0.5964285714285714 and parameters: {'learning_rate': 0.0996981875507606, 'max_depth': 6, 'subsample': 0.3285634044531789, 'colsample_bytree': 0.8629637664485328, 'min_child_weight': 19}. Best is trial 347 with value: 0.6189285714285715.
Trial 443 finished with value: 0.5963095238095238 and parameters: {'learning_rate': 0.07639069005737673, 'max_depth': 9, 'subsample': 0.47471761713454896, 'colsample_bytree': 0.9138298413219582, 'min_child_weight': 18}. Best is trial 347 with value: 0.6189285714285715.
Trial 444 finished with value: 0.0125 and parameters: {'learning_rate': 0.06022811608057297, 'max_depth': 8, 'subsample': 0.05909526443493579, 'colsample_bytree': 0.5393059855274684, 'min_child_weight': 16}. Best is trial 347 with value: 0.6189285714285715.
Trial 445 finished with value: 0.6064285714285714 and parameters: {'learning_rate': 0.036153524169633626, 'max_depth': 8, 'subsample': 0.5911391727643496, 'colsample_bytree': 0.4593815453863191, 'min_child_weight': 19}. Best is trial 347 with value: 0.6189285714285715.
Trial 446 finished with value: 0.6016666666666667 and parameters: {'learning_rate': 0.08518470391385523, 'max_depth': 7, 'subsample': 0.5520694723081643, 'colsample_bytree': 0.6472455339328479, 'min_child_weight': 20}. Best is trial 347 with value: 0.6189285714285715.
Trial 447 finished with value: 0.5763095238095237 and parameters: {'learning_rate': 0.0011672502494609136, 'max_depth': 8, 'subsample': 0.5082241843727864, 'colsample_bytree': 0.7241633373979333, 'min_child_weight': 18}. Best is trial 347 with value: 0.6189285714285715.
Trial 448 finished with value: 0.6086904761904762 and parameters: {'learning_rate': 0.04579130400200366, 'max_depth': 8, 'subsample': 0.3787540630353385, 'colsample_bytree': 0.3770367593603636, 'min_child_weight': 19}. Best is trial 347 with value: 0.6189285714285715.
Trial 449 finished with value: 0.5641666666666667 and parameters: {'learning_rate': 0.03887832467589323, 'max_depth': 5, 'subsample': 0.5352112134184293, 'colsample_bytree': 0.12840477454992544, 'min_child_weight': 11}. Best is trial 347 with value: 0.6189285714285715.
Trial 450 finished with value: 0.5965476190476191 and parameters: {'learning_rate': 0.023909707583220738, 'max_depth': 9, 'subsample': 0.5715790461084176, 'colsample_bytree': 0.9981507709440602, 'min_child_weight': 19}. Best is trial 347 with value: 0.6189285714285715.
Trial 451 finished with value: 0.5716666666666668 and parameters: {'learning_rate': 0.03027935550053114, 'max_depth': 9, 'subsample': 0.269651684192156, 'colsample_bytree': 0.9376257045467744, 'min_child_weight': 19}. Best is trial 347 with value: 0.6189285714285715.
Trial 452 finished with value: 0.5373809523809524 and parameters: {'learning_rate': 0.03365686727730492, 'max_depth': 8, 'subsample': 0.21847706579168213, 'colsample_bytree': 0.33512256797433093, 'min_child_weight': 18}. Best is trial 347 with value: 0.6189285714285715.
Trial 453 finished with value: 0.6016666666666667 and parameters: {'learning_rate': 0.06730894049817333, 'max_depth': 8, 'subsample': 0.4951972497587872, 'colsample_bytree': 0.8136645840834785, 'min_child_weight': 20}. Best is trial 347 with value: 0.6189285714285715.
Trial 454 finished with value: 0.5722619047619046 and parameters: {'learning_rate': 0.07185116307251517, 'max_depth': 8, 'subsample': 0.5495661785688135, 'colsample_bytree': 0.970220606294075, 'min_child_weight': 6}. Best is trial 347 with value: 0.6189285714285715.
Trial 455 finished with value: 0.5964285714285713 and parameters: {'learning_rate': 0.04215909015405158, 'max_depth': 6, 'subsample': 0.4546163661915583, 'colsample_bytree': 0.8574673066912871, 'min_child_weight': 18}. Best is trial 347 with value: 0.6189285714285715.
Trial 456 finished with value: 0.5990476190476189 and parameters: {'learning_rate': 0.02623826081516232, 'max_depth': 5, 'subsample': 0.5236817052353955, 'colsample_bytree': 0.5755409339049882, 'min_child_weight': 19}. Best is trial 347 with value: 0.6189285714285715.
Trial 457 finished with value: 0.5845238095238094 and parameters: {'learning_rate': 0.05751152223230918, 'max_depth': 8, 'subsample': 0.6093724653762598, 'colsample_bytree': 0.6889899311529606, 'min_child_weight': 17}. Best is trial 347 with value: 0.6189285714285715.
Trial 458 finished with value: 0.5939285714285714 and parameters: {'learning_rate': 0.012513808159406514, 'max_depth': 8, 'subsample': 0.34338073956399223, 'colsample_bytree': 0.23770759247232548, 'min_child_weight': 8}. Best is trial 347 with value: 0.6189285714285715.
Trial 459 finished with value: 0.5052380952380953 and parameters: {'learning_rate': 0.015394054559201158, 'max_depth': 9, 'subsample': 0.19207675627630888, 'colsample_bytree': 0.8985657016799926, 'min_child_weight': 19}. Best is trial 347 with value: 0.6189285714285715.
Trial 460 finished with value: 0.6038095238095238 and parameters: {'learning_rate': 0.008575215456933722, 'max_depth': 8, 'subsample': 0.5660139300399869, 'colsample_bytree': 0.6132917687390068, 'min_child_weight': 19}. Best is trial 347 with value: 0.6189285714285715.
Trial 461 finished with value: 0.5989285714285714 and parameters: {'learning_rate': 0.036208006882544386, 'max_depth': 8, 'subsample': 0.4442053032015232, 'colsample_bytree': 0.4737506918455258, 'min_child_weight': 18}. Best is trial 347 with value: 0.6189285714285715.
Trial 462 finished with value: 0.5964285714285713 and parameters: {'learning_rate': 0.030116838697681378, 'max_depth': 7, 'subsample': 0.540859043138322, 'colsample_bytree': 0.9516334916042387, 'min_child_weight': 20}. Best is trial 347 with value: 0.6189285714285715.
Trial 463 finished with value: 0.6086904761904762 and parameters: {'learning_rate': 0.05143858326835003, 'max_depth': 9, 'subsample': 0.5127524500830298, 'colsample_bytree': 0.762937549350081, 'min_child_weight': 19}. Best is trial 347 with value: 0.6189285714285715.
Trial 464 finished with value: 0.596547619047619 and parameters: {'learning_rate': 0.033623034633841795, 'max_depth': 8, 'subsample': 0.5877004899974134, 'colsample_bytree': 0.786566170103487, 'min_child_weight': 17}. Best is trial 347 with value: 0.6189285714285715.
Trial 465 finished with value: 0.5911904761904763 and parameters: {'learning_rate': 0.0046672518602310165, 'max_depth': 8, 'subsample': 0.48511698288364213, 'colsample_bytree': 0.8787561259980528, 'min_child_weight': 18}. Best is trial 347 with value: 0.6189285714285715.
Trial 466 finished with value: 0.5838095238095238 and parameters: {'learning_rate': 0.03961440028643038, 'max_depth': 6, 'subsample': 0.3191958109998986, 'colsample_bytree': 0.9267460092150421, 'min_child_weight': 20}. Best is trial 347 with value: 0.6189285714285715.
Trial 467 finished with value: 0.5942857142857142 and parameters: {'learning_rate': 0.06317685677398933, 'max_depth': 9, 'subsample': 0.6414515294187092, 'colsample_bytree': 0.8362579562614326, 'min_child_weight': 19}. Best is trial 347 with value: 0.6189285714285715.
Trial 468 finished with value: 0.6039285714285715 and parameters: {'learning_rate': 0.028266481564508002, 'max_depth': 7, 'subsample': 0.5282013521134277, 'colsample_bytree': 0.9807846771144784, 'min_child_weight': 18}. Best is trial 347 with value: 0.6189285714285715.
Trial 469 finished with value: 0.6088095238095239 and parameters: {'learning_rate': 0.036562412781946343, 'max_depth': 8, 'subsample': 0.5568155341128109, 'colsample_bytree': 0.7443101677049186, 'min_child_weight': 19}. Best is trial 347 with value: 0.6189285714285715.
Trial 470 finished with value: 0.5842857142857142 and parameters: {'learning_rate': 0.03202798293711106, 'max_depth': 8, 'subsample': 0.5053042801434364, 'colsample_bytree': 0.6392814653230239, 'min_child_weight': 20}. Best is trial 347 with value: 0.6189285714285715.
Trial 471 finished with value: 0.5917857142857142 and parameters: {'learning_rate': 0.07643596279762468, 'max_depth': 8, 'subsample': 0.5364777871777333, 'colsample_bytree': 0.9087960853701058, 'min_child_weight': 17}. Best is trial 347 with value: 0.6189285714285715.
Trial 472 finished with value: 0.5965476190476191 and parameters: {'learning_rate': 0.09072720626438766, 'max_depth': 4, 'subsample': 0.36042684139642533, 'colsample_bytree': 0.6759036766242239, 'min_child_weight': 19}. Best is trial 347 with value: 0.6189285714285715.
Trial 473 finished with value: 0.5761904761904761 and parameters: {'learning_rate': 0.0018697934507463036, 'max_depth': 9, 'subsample': 0.4236738447495535, 'colsample_bytree': 0.9583542091734135, 'min_child_weight': 16}. Best is trial 347 with value: 0.6189285714285715.
Trial 474 finished with value: 0.5004761904761904 and parameters: {'learning_rate': 0.04798267265948258, 'max_depth': 10, 'subsample': 0.13645017464001657, 'colsample_bytree': 0.7055787266941139, 'min_child_weight': 15}. Best is trial 347 with value: 0.6189285714285715.
Trial 475 finished with value: 0.596547619047619 and parameters: {'learning_rate': 0.014420141025584038, 'max_depth': 8, 'subsample': 0.5687315938818251, 'colsample_bytree': 0.5579929919901089, 'min_child_weight': 18}. Best is trial 347 with value: 0.6189285714285715.
Trial 476 finished with value: 0.0125 and parameters: {'learning_rate': 0.05531691922727097, 'max_depth': 8, 'subsample': 0.09287501606670434, 'colsample_bytree': 0.9367478149121694, 'min_child_weight': 19}. Best is trial 347 with value: 0.6189285714285715.
Trial 477 finished with value: 0.6014285714285714 and parameters: {'learning_rate': 0.010776746427815998, 'max_depth': 6, 'subsample': 0.5208162142019219, 'colsample_bytree': 0.8456984216973806, 'min_child_weight': 18}. Best is trial 347 with value: 0.6189285714285715.
Trial 478 finished with value: 0.6063095238095237 and parameters: {'learning_rate': 0.034549757911516904, 'max_depth': 9, 'subsample': 0.4793912358147181, 'colsample_bytree': 0.8838743714671353, 'min_child_weight': 18}. Best is trial 347 with value: 0.6189285714285715.
Trial 479 finished with value: 0.5939285714285714 and parameters: {'learning_rate': 0.04487105957053543, 'max_depth': 8, 'subsample': 0.40143463393662493, 'colsample_bytree': 0.9827195740300724, 'min_child_weight': 20}. Best is trial 347 with value: 0.6189285714285715.
Trial 480 finished with value: 0.6013095238095237 and parameters: {'learning_rate': 0.02178591216149881, 'max_depth': 7, 'subsample': 0.550108166203733, 'colsample_bytree': 0.3528932415701509, 'min_child_weight': 19}. Best is trial 347 with value: 0.6189285714285715.
Trial 481 finished with value: 0.6038095238095238 and parameters: {'learning_rate': 0.026027682621037364, 'max_depth': 8, 'subsample': 0.5865009564301842, 'colsample_bytree': 0.8252171222008934, 'min_child_weight': 19}. Best is trial 347 with value: 0.6189285714285715.
Trial 482 finished with value: 0.6014285714285713 and parameters: {'learning_rate': 0.015997786024994996, 'max_depth': 8, 'subsample': 0.500427010667605, 'colsample_bytree': 0.5148613587910703, 'min_child_weight': 14}. Best is trial 347 with value: 0.6189285714285715.
Trial 483 finished with value: 0.5617857142857143 and parameters: {'learning_rate': 0.0190532421622441, 'max_depth': 1, 'subsample': 0.2517835880604212, 'colsample_bytree': 0.9175802076195017, 'min_child_weight': 18}. Best is trial 347 with value: 0.6189285714285715.
Trial 484 finished with value: 0.5820238095238095 and parameters: {'learning_rate': 0.03877337423338899, 'max_depth': 8, 'subsample': 0.6964009922688497, 'colsample_bytree': 0.8677684227684953, 'min_child_weight': 19}. Best is trial 347 with value: 0.6189285714285715.
Trial 485 finished with value: 0.6038095238095239 and parameters: {'learning_rate': 0.03064265912390877, 'max_depth': 9, 'subsample': 0.6258466016399489, 'colsample_bytree': 0.9586076282383327, 'min_child_weight': 20}. Best is trial 347 with value: 0.6189285714285715.
Trial 486 finished with value: 0.5967857142857144 and parameters: {'learning_rate': 0.07162563541413211, 'max_depth': 8, 'subsample': 0.540305328606083, 'colsample_bytree': 0.8075057376651188, 'min_child_weight': 18}. Best is trial 347 with value: 0.6189285714285715.
Trial 487 finished with value: 0.576547619047619 and parameters: {'learning_rate': 0.06091199807362964, 'max_depth': 8, 'subsample': 0.2819835301843629, 'colsample_bytree': 0.6238094774346076, 'min_child_weight': 19}. Best is trial 347 with value: 0.6189285714285715.
