Trial 82 finished with value: 0.5917857142857144 and parameters: {'learning_rate': 0.043462699846725864, 'max_depth': 8, 'subsample': 0.44275673616126004, 'colsample_bytree': 0.9563247690347738, 'min_child_weight': 16}. Best is trial 23 with value: 0.6135714285714287.
Trial 83 finished with value: 0.5914285714285714 and parameters: {'learning_rate': 0.058243358720426144, 'max_depth': 7, 'subsample': 0.5645136772492457, 'colsample_bytree': 0.8893655356015453, 'min_child_weight': 17}. Best is trial 23 with value: 0.6135714285714287.
Trial 84 finished with value: 0.6114285714285714 and parameters: {'learning_rate': 0.07218439540008269, 'max_depth': 8, 'subsample': 0.5245910378820466, 'colsample_bytree': 0.8480843257714553, 'min_child_weight': 18}. Best is trial 23 with value: 0.6135714285714287.
Trial 85 finished with value: 0.6113095238095237 and parameters: {'learning_rate': 0.030107941369582347, 'max_depth': 6, 'subsample': 0.5438680493903292, 'colsample_bytree': 0.8386136928248108, 'min_child_weight': 18}. Best is trial 23 with value: 0.6135714285714287.
Trial 86 finished with value: 0.6039285714285714 and parameters: {'learning_rate': 0.030647202084415726, 'max_depth': 7, 'subsample': 0.5387185997790855, 'colsample_bytree': 0.844491233284744, 'min_child_weight': 18}. Best is trial 23 with value: 0.6135714285714287.
Trial 87 finished with value: 0.6036904761904762 and parameters: {'learning_rate': 0.035666961587328655, 'max_depth': 6, 'subsample': 0.5552294601408666, 'colsample_bytree': 0.8011255252696308, 'min_child_weight': 20}. Best is trial 23 with value: 0.6135714285714287.
Trial 88 finished with value: 0.5914285714285714 and parameters: {'learning_rate': 0.027958333742298936, 'max_depth': 5, 'subsample': 0.4842083113821849, 'colsample_bytree': 0.7768136445439217, 'min_child_weight': 19}. Best is trial 23 with value: 0.6135714285714287.
Trial 89 finished with value: 0.6113095238095237 and parameters: {'learning_rate': 0.05472525916418066, 'max_depth': 8, 'subsample': 0.5236918861742648, 'colsample_bytree': 0.8289472725497969, 'min_child_weight': 18}. Best is trial 23 with value: 0.6135714285714287.
Trial 90 finished with value: 0.6013095238095238 and parameters: {'learning_rate': 0.032005383999811426, 'max_depth': 8, 'subsample': 0.5267861658400554, 'colsample_bytree': 0.8318766442216504, 'min_child_weight': 18}. Best is trial 23 with value: 0.6135714285714287.
Trial 91 finished with value: 0.586309523809524 and parameters: {'learning_rate': 0.0548053983304933, 'max_depth': 8, 'subsample': 0.5964210261636143, 'colsample_bytree': 0.8618430141093176, 'min_child_weight': 19}. Best is trial 23 with value: 0.6135714285714287.
Trial 92 finished with value: 0.6015476190476191 and parameters: {'learning_rate': 0.0696312473463039, 'max_depth': 7, 'subsample': 0.5061701536664922, 'colsample_bytree': 0.8197971792269476, 'min_child_weight': 18}. Best is trial 23 with value: 0.6135714285714287.
Trial 93 finished with value: 0.6064285714285713 and parameters: {'learning_rate': 0.03867891126712164, 'max_depth': 9, 'subsample': 0.5456192564614731, 'colsample_bytree': 0.8801145499583714, 'min_child_weight': 17}. Best is trial 23 with value: 0.6135714285714287.
Trial 94 finished with value: 0.601190476190476 and parameters: {'learning_rate': 0.060644837098423124, 'max_depth': 8, 'subsample': 0.45609883858317435, 'colsample_bytree': 0.7655821724655073, 'min_child_weight': 20}. Best is trial 23 with value: 0.6135714285714287.
Trial 95 finished with value: 0.5939285714285714 and parameters: {'learning_rate': 0.05250403066961572, 'max_depth': 8, 'subsample': 0.5715829726963751, 'colsample_bytree': 0.9088208775061588, 'min_child_weight': 19}. Best is trial 23 with value: 0.6135714285714287.
Trial 96 finished with value: 0.5942857142857143 and parameters: {'learning_rate': 0.04424263431213904, 'max_depth': 6, 'subsample': 0.6182241266411765, 'colsample_bytree': 0.7950785195776271, 'min_child_weight': 17}. Best is trial 23 with value: 0.6135714285714287.
Trial 97 finished with value: 0.5991666666666667 and parameters: {'learning_rate': 0.08859182497893058, 'max_depth': 5, 'subsample': 0.4882899375149362, 'colsample_bytree': 0.8452072730362256, 'min_child_weight': 18}. Best is trial 23 with value: 0.6135714285714287.
Trial 98 finished with value: 0.5651190476190476 and parameters: {'learning_rate': 0.034165757423821816, 'max_depth': 9, 'subsample': 0.5282112397951158, 'colsample_bytree': 0.7359084431947341, 'min_child_weight': 5}. Best is trial 23 with value: 0.6135714285714287.
Trial 99 finished with value: 0.6013095238095237 and parameters: {'learning_rate': 0.040470155938015846, 'max_depth': 8, 'subsample': 0.45401491021032775, 'colsample_bytree': 0.8597548738083185, 'min_child_weight': 18}. Best is trial 23 with value: 0.6135714285714287.
Trial 100 finished with value: 0.5891666666666666 and parameters: {'learning_rate': 0.0750146959843635, 'max_depth': 4, 'subsample': 0.5825119809299666, 'colsample_bytree': 0.9286823643775193, 'min_child_weight': 19}. Best is trial 23 with value: 0.6135714285714287.
Trial 101 finished with value: 0.5917857142857142 and parameters: {'learning_rate': 0.029157820945749504, 'max_depth': 3, 'subsample': 0.5588740124498699, 'colsample_bytree': 0.8829477625691607, 'min_child_weight': 16}. Best is trial 23 with value: 0.6135714285714287.
Trial 102 finished with value: 0.6014285714285714 and parameters: {'learning_rate': 0.04752415260223539, 'max_depth': 7, 'subsample': 0.4696549119871051, 'colsample_bytree': 0.9047586029170325, 'min_child_weight': 17}. Best is trial 23 with value: 0.6135714285714287.
Trial 103 finished with value: 0.5961904761904762 and parameters: {'learning_rate': 0.052783822602176844, 'max_depth': 9, 'subsample': 0.41467854670140636, 'colsample_bytree': 0.9568997626236757, 'min_child_weight': 16}. Best is trial 23 with value: 0.6135714285714287.
Trial 104 finished with value: 0.6088095238095237 and parameters: {'learning_rate': 0.044688000224537845, 'max_depth': 4, 'subsample': 0.5082366602656974, 'colsample_bytree': 0.9875429445497342, 'min_child_weight': 17}. Best is trial 23 with value: 0.6135714285714287.
Trial 105 finished with value: 0.6088095238095239 and parameters: {'learning_rate': 0.03884591853843047, 'max_depth': 4, 'subsample': 0.5058697899504253, 'colsample_bytree': 0.9385255721066241, 'min_child_weight': 17}. Best is trial 23 with value: 0.6135714285714287.
Trial 106 finished with value: 0.6013095238095238 and parameters: {'learning_rate': 0.04003736783723737, 'max_depth': 4, 'subsample': 0.5017706249099011, 'colsample_bytree': 0.9362261906130736, 'min_child_weight': 18}. Best is trial 23 with value: 0.6135714285714287.
Trial 107 finished with value: 0.594047619047619 and parameters: {'learning_rate': 0.03401089064222684, 'max_depth': 4, 'subsample': 0.5277236399931341, 'colsample_bytree': 0.9819489405576078, 'min_child_weight': 20}. Best is trial 23 with value: 0.6135714285714287.
Trial 108 finished with value: 0.6014285714285714 and parameters: {'learning_rate': 0.02697293587524708, 'max_depth': 4, 'subsample': 0.5124661749908105, 'colsample_bytree': 0.9455068441162034, 'min_child_weight': 17}. Best is trial 23 with value: 0.6135714285714287.
Trial 109 finished with value: 0.606547619047619 and parameters: {'learning_rate': 0.045976629676680286, 'max_depth': 5, 'subsample': 0.5525301204247862, 'colsample_bytree': 0.8131532949375235, 'min_child_weight': 19}. Best is trial 23 with value: 0.6135714285714287.
Trial 110 finished with value: 0.6064285714285714 and parameters: {'learning_rate': 0.042746415595877364, 'max_depth': 4, 'subsample': 0.4754874695880896, 'colsample_bytree': 0.8671085216277209, 'min_child_weight': 18}. Best is trial 23 with value: 0.6135714285714287.
Trial 111 finished with value: 0.594404761904762 and parameters: {'learning_rate': 0.06205621377845281, 'max_depth': 5, 'subsample': 0.531174719189502, 'colsample_bytree': 0.9100774488713892, 'min_child_weight': 17}. Best is trial 23 with value: 0.6135714285714287.
Trial 112 finished with value: 0.6039285714285714 and parameters: {'learning_rate': 0.037229855638689184, 'max_depth': 4, 'subsample': 0.4943538847640321, 'colsample_bytree': 0.9980106135859913, 'min_child_weight': 18}. Best is trial 23 with value: 0.6135714285714287.
Trial 113 finished with value: 0.5651190476190476 and parameters: {'learning_rate': 0.03119293017641616, 'max_depth': 3, 'subsample': 0.44472708697747393, 'colsample_bytree': 0.8918211005187106, 'min_child_weight': 2}. Best is trial 23 with value: 0.6135714285714287.
Trial 114 finished with value: 0.5867857142857142 and parameters: {'learning_rate': 0.07007040193738327, 'max_depth': 8, 'subsample': 0.580064449080348, 'colsample_bytree': 0.9183360856348566, 'min_child_weight': 17}. Best is trial 23 with value: 0.6135714285714287.
Trial 115 finished with value: 0.5991666666666668 and parameters: {'learning_rate': 0.05264810398181244, 'max_depth': 6, 'subsample': 0.5121056415385976, 'colsample_bytree': 0.9650790520061479, 'min_child_weight': 15}. Best is trial 23 with value: 0.6135714285714287.
Trial 116 finished with value: 0.6111904761904763 and parameters: {'learning_rate': 0.059093915418673676, 'max_depth': 3, 'subsample': 0.5491620737559624, 'colsample_bytree': 0.8491331289314734, 'min_child_weight': 19}. Best is trial 23 with value: 0.6135714285714287.
Trial 117 finished with value: 0.6089285714285715 and parameters: {'learning_rate': 0.05693071335212811, 'max_depth': 3, 'subsample': 0.5484454625818418, 'colsample_bytree': 0.8374546215299424, 'min_child_weight': 19}. Best is trial 23 with value: 0.6135714285714287.
Trial 118 finished with value: 0.6064285714285714 and parameters: {'learning_rate': 0.05762641754123362, 'max_depth': 3, 'subsample': 0.5475413862848626, 'colsample_bytree': 0.8360060802513355, 'min_child_weight': 19}. Best is trial 23 with value: 0.6135714285714287.
Trial 119 finished with value: 0.5966666666666666 and parameters: {'learning_rate': 0.06561523467366423, 'max_depth': 3, 'subsample': 0.5999116275214347, 'colsample_bytree': 0.7952175475290985, 'min_child_weight': 20}. Best is trial 23 with value: 0.6135714285714287.
Trial 120 finished with value: 0.596547619047619 and parameters: {'learning_rate': 0.07391970815424227, 'max_depth': 3, 'subsample': 0.5644499851420649, 'colsample_bytree': 0.8507716825424473, 'min_child_weight': 19}. Best is trial 23 with value: 0.6135714285714287.
Trial 121 finished with value: 0.5822619047619046 and parameters: {'learning_rate': 0.08419294906579841, 'max_depth': 3, 'subsample': 0.5190901267027953, 'colsample_bytree': 0.830131654259528, 'min_child_weight': 18}. Best is trial 23 with value: 0.6135714285714287.
Trial 122 finished with value: 0.5988095238095237 and parameters: {'learning_rate': 0.04107957380285794, 'max_depth': 4, 'subsample': 0.4935449394148133, 'colsample_bytree': 0.8664381255103065, 'min_child_weight': 19}. Best is trial 23 with value: 0.6135714285714287.
Trial 123 finished with value: 0.5889285714285715 and parameters: {'learning_rate': 0.022993862496383646, 'max_depth': 4, 'subsample': 0.5412153969125482, 'colsample_bytree': 0.7754021864246001, 'min_child_weight': 20}. Best is trial 23 with value: 0.6135714285714287.
Trial 124 finished with value: 0.5941666666666665 and parameters: {'learning_rate': 0.04636435764552433, 'max_depth': 3, 'subsample': 0.6210277143089027, 'colsample_bytree': 0.8869957269800064, 'min_child_weight': 18}. Best is trial 23 with value: 0.6135714285714287.
Trial 125 finished with value: 0.5795238095238096 and parameters: {'learning_rate': 0.03567209679817206, 'max_depth': 9, 'subsample': 0.47749011489176774, 'colsample_bytree': 0.8115099553966204, 'min_child_weight': 10}. Best is trial 23 with value: 0.6135714285714287.
Trial 126 finished with value: 0.589047619047619 and parameters: {'learning_rate': 0.057045305773019486, 'max_depth': 8, 'subsample': 0.5843544281370495, 'colsample_bytree': 0.8456928939982656, 'min_child_weight': 19}. Best is trial 23 with value: 0.6135714285714287.
Trial 127 finished with value: 0.591547619047619 and parameters: {'learning_rate': 0.02621554390839291, 'max_depth': 4, 'subsample': 0.5591720652671325, 'colsample_bytree': 0.9380780226878858, 'min_child_weight': 19}. Best is trial 23 with value: 0.6135714285714287.
Trial 128 finished with value: 0.6040476190476192 and parameters: {'learning_rate': 0.06319840903018203, 'max_depth': 10, 'subsample': 0.5275657371621609, 'colsample_bytree': 0.9865222777499216, 'min_child_weight': 18}. Best is trial 23 with value: 0.6135714285714287.
Trial 129 finished with value: 0.5939285714285714 and parameters: {'learning_rate': 0.0307783324666857, 'max_depth': 3, 'subsample': 0.4637141836811238, 'colsample_bytree': 0.877982678823076, 'min_child_weight': 17}. Best is trial 23 with value: 0.6135714285714287.
Trial 130 finished with value: 0.5914285714285713 and parameters: {'learning_rate': 0.03946690204485708, 'max_depth': 7, 'subsample': 0.5072525041330126, 'colsample_bytree': 0.9239550314113905, 'min_child_weight': 20}. Best is trial 23 with value: 0.6135714285714287.
Trial 131 finished with value: 0.5965476190476189 and parameters: {'learning_rate': 0.051026639817370864, 'max_depth': 8, 'subsample': 0.5694257701567657, 'colsample_bytree': 0.9008267078500156, 'min_child_weight': 16}. Best is trial 23 with value: 0.6135714285714287.
Trial 132 finished with value: 0.6088095238095239 and parameters: {'learning_rate': 0.043728236408007534, 'max_depth': 5, 'subsample': 0.5429658824510731, 'colsample_bytree': 0.8272489388320757, 'min_child_weight': 17}. Best is trial 23 with value: 0.6135714285714287.
Trial 133 finished with value: 0.606547619047619 and parameters: {'learning_rate': 0.04295002166489901, 'max_depth': 5, 'subsample': 0.5448945170693089, 'colsample_bytree': 0.8185147125802381, 'min_child_weight': 18}. Best is trial 23 with value: 0.6135714285714287.
Trial 134 finished with value: 0.6086904761904762 and parameters: {'learning_rate': 0.033010614482823, 'max_depth': 5, 'subsample': 0.4899267243331962, 'colsample_bytree': 0.7935326040641265, 'min_child_weight': 17}. Best is trial 23 with value: 0.6135714285714287.
Trial 135 finished with value: 0.5867857142857142 and parameters: {'learning_rate': 0.046404272536974996, 'max_depth': 4, 'subsample': 0.6042793740714643, 'colsample_bytree': 0.7593853161977235, 'min_child_weight': 17}. Best is trial 23 with value: 0.6135714285714287.
Trial 136 finished with value: 0.6039285714285714 and parameters: {'learning_rate': 0.03720319087206068, 'max_depth': 4, 'subsample': 0.5296571383242855, 'colsample_bytree': 0.8380708113771863, 'min_child_weight': 18}. Best is trial 23 with value: 0.6135714285714287.
Trial 137 finished with value: 0.6160714285714285 and parameters: {'learning_rate': 0.05447964299523303, 'max_depth': 6, 'subsample': 0.5114709778743507, 'colsample_bytree': 0.8603488785118992, 'min_child_weight': 19}. Best is trial 137 with value: 0.6160714285714285.
Trial 138 finished with value: 0.6038095238095239 and parameters: {'learning_rate': 0.06789779133602951, 'max_depth': 6, 'subsample': 0.5440232376262251, 'colsample_bytree': 0.8517743220660873, 'min_child_weight': 19}. Best is trial 137 with value: 0.6160714285714285.
Trial 139 finished with value: 0.5894047619047619 and parameters: {'learning_rate': 0.05507699973049062, 'max_depth': 6, 'subsample': 0.636269751040247, 'colsample_bytree': 0.8696270453766641, 'min_child_weight': 20}. Best is trial 137 with value: 0.6160714285714285.
Trial 140 finished with value: 0.6016666666666666 and parameters: {'learning_rate': 0.08406322647737952, 'max_depth': 6, 'subsample': 0.579670741074342, 'colsample_bytree': 0.8233662068496548, 'min_child_weight': 19}. Best is trial 137 with value: 0.6160714285714285.
Trial 141 finished with value: 0.6089285714285714 and parameters: {'learning_rate': 0.05980368200498607, 'max_depth': 5, 'subsample': 0.5114801449210028, 'colsample_bytree': 0.8932076595376409, 'min_child_weight': 18}. Best is trial 137 with value: 0.6160714285714285.
Trial 142 finished with value: 0.5964285714285713 and parameters: {'learning_rate': 0.07434091387630987, 'max_depth': 5, 'subsample': 0.519297599843657, 'colsample_bytree': 0.8909839082727781, 'min_child_weight': 18}. Best is trial 137 with value: 0.6160714285714285.
Trial 143 finished with value: 0.6040476190476189 and parameters: {'learning_rate': 0.06219384232682233, 'max_depth': 5, 'subsample': 0.5614057111656504, 'colsample_bytree': 0.8613777840152192, 'min_child_weight': 18}. Best is trial 137 with value: 0.6160714285714285.
Trial 144 finished with value: 0.6088095238095237 and parameters: {'learning_rate': 0.05766314292599059, 'max_depth': 6, 'subsample': 0.47565699773450604, 'colsample_bytree': 0.8069671711411633, 'min_child_weight': 19}. Best is trial 137 with value: 0.6160714285714285.
Trial 145 finished with value: 0.5942857142857141 and parameters: {'learning_rate': 0.050171886069176136, 'max_depth': 7, 'subsample': 0.4342018531973173, 'colsample_bytree': 0.8334952874933356, 'min_child_weight': 19}. Best is trial 137 with value: 0.6160714285714285.
Trial 146 finished with value: 0.5866666666666666 and parameters: {'learning_rate': 0.0909021802937897, 'max_depth': 5, 'subsample': 0.5031710678470848, 'colsample_bytree': 0.788942774677662, 'min_child_weight': 18}. Best is trial 137 with value: 0.6160714285714285.
Trial 147 finished with value: 0.5889285714285715 and parameters: {'learning_rate': 0.02907085304124735, 'max_depth': 5, 'subsample': 0.46294071919526114, 'colsample_bytree': 0.8733124482199374, 'min_child_weight': 18}. Best is trial 137 with value: 0.6160714285714285.
Trial 148 finished with value: 0.6113095238095239 and parameters: {'learning_rate': 0.06726835041382774, 'max_depth': 8, 'subsample': 0.5384554965235547, 'colsample_bytree': 0.9132346601345912, 'min_child_weight': 20}. Best is trial 137 with value: 0.6160714285714285.
Trial 149 finished with value: 0.6063095238095237 and parameters: {'learning_rate': 0.06934267971034781, 'max_depth': 8, 'subsample': 0.48888279036527366, 'colsample_bytree': 0.8951485172912241, 'min_child_weight': 20}. Best is trial 137 with value: 0.6160714285714285.
Trial 150 finished with value: 0.6040476190476192 and parameters: {'learning_rate': 0.08047179767564283, 'max_depth': 8, 'subsample': 0.5351361187921941, 'colsample_bytree': 0.8559365507463413, 'min_child_weight': 20}. Best is trial 137 with value: 0.6160714285714285.
Trial 151 finished with value: 0.6038095238095238 and parameters: {'learning_rate': 0.06183214649111506, 'max_depth': 9, 'subsample': 0.557099080681949, 'colsample_bytree': 0.9450564658814248, 'min_child_weight': 19}. Best is trial 137 with value: 0.6160714285714285.
Trial 152 finished with value: 0.5890476190476189 and parameters: {'learning_rate': 0.05421063552498309, 'max_depth': 8, 'subsample': 0.5925200420322289, 'colsample_bytree': 0.9214302342119702, 'min_child_weight': 19}. Best is trial 137 with value: 0.6160714285714285.
Trial 153 finished with value: 0.6114285714285714 and parameters: {'learning_rate': 0.0354060054597934, 'max_depth': 8, 'subsample': 0.5212814578578503, 'colsample_bytree': 0.8815570698316355, 'min_child_weight': 18}. Best is trial 137 with value: 0.6160714285714285.
Trial 154 finished with value: 0.5651190476190475 and parameters: {'learning_rate': 0.04960362757058837, 'max_depth': 8, 'subsample': 0.5097418849979204, 'colsample_bytree': 0.888098464774485, 'min_child_weight': 8}. Best is trial 137 with value: 0.6160714285714285.
Trial 155 finished with value: 0.6063095238095239 and parameters: {'learning_rate': 0.035493765100631375, 'max_depth': 7, 'subsample': 0.5232964428579426, 'colsample_bytree': 0.8371159130738759, 'min_child_weight': 19}. Best is trial 137 with value: 0.6160714285714285.
Trial 156 finished with value: 0.5963095238095237 and parameters: {'learning_rate': 0.042042134750057185, 'max_depth': 8, 'subsample': 0.49353786243241643, 'colsample_bytree': 0.9125788808640856, 'min_child_weight': 20}. Best is trial 137 with value: 0.6160714285714285.
Trial 157 finished with value: 0.5816666666666668 and parameters: {'learning_rate': 0.06919997163857326, 'max_depth': 8, 'subsample': 0.4526729249768219, 'colsample_bytree': 0.8608269289050834, 'min_child_weight': 17}. Best is trial 137 with value: 0.6160714285714285.
Trial 158 finished with value: 0.5992857142857143 and parameters: {'learning_rate': 0.07610497686505496, 'max_depth': 9, 'subsample': 0.5291875583151318, 'colsample_bytree': 0.8768222179371988, 'min_child_weight': 18}. Best is trial 137 with value: 0.6160714285714285.
Trial 159 finished with value: 0.5991666666666665 and parameters: {'learning_rate': 0.05754305139478961, 'max_depth': 8, 'subsample': 0.5736152381644882, 'colsample_bytree': 0.8194477131826874, 'min_child_weight': 20}. Best is trial 137 with value: 0.6160714285714285.
Trial 160 finished with value: 0.5721428571428571 and parameters: {'learning_rate': 0.09991587659886177, 'max_depth': 7, 'subsample': 0.5456866956230229, 'colsample_bytree': 0.5289964074996147, 'min_child_weight': 17}. Best is trial 137 with value: 0.6160714285714285.
Trial 161 finished with value: 0.6090476190476191 and parameters: {'learning_rate': 0.037910702981715276, 'max_depth': 3, 'subsample': 0.5554616781174518, 'colsample_bytree': 0.9520040851147075, 'min_child_weight': 18}. Best is trial 137 with value: 0.6160714285714285.
Trial 162 finished with value: 0.6088095238095238 and parameters: {'learning_rate': 0.038562327502181665, 'max_depth': 3, 'subsample': 0.5173285259850314, 'colsample_bytree': 0.8985364295639688, 'min_child_weight': 19}. Best is trial 137 with value: 0.6160714285714285.
Trial 163 finished with value: 0.599047619047619 and parameters: {'learning_rate': 0.0465680762069314, 'max_depth': 3, 'subsample': 0.5468218119002979, 'colsample_bytree': 0.929701848763786, 'min_child_weight': 18}. Best is trial 137 with value: 0.6160714285714285.
